 1020.000     0.000  6.920070e+02  6.484711e+02  4.353587e+01 
 1020.000     1.000  6.918979e+02  6.483640e+02  4.353402e+01 
 1020.000     2.000  6.915708e+02  6.480423e+02  4.352848e+01 
 1020.000     3.000  6.910256e+02  6.475064e+02  4.351925e+01 
 1020.000     4.000  6.902627e+02  6.467564e+02  4.350632e+01 
 1020.000     5.000  6.892822e+02  6.457925e+02  4.348968e+01 
 1020.000     6.000  6.880844e+02  6.446150e+02  4.346934e+01 
 1020.000     7.000  6.866696e+02  6.432243e+02  4.344528e+01 
 1020.000     8.000  6.850382e+02  6.416207e+02  4.341750e+01 
 1020.000     9.000  6.831910e+02  6.398050e+02  4.338598e+01 
 1020.000    10.000  6.811281e+02  6.377774e+02  4.335072e+01 
 1020.000    11.000  6.788506e+02  6.355389e+02  4.331168e+01 
 1020.000    12.000  6.763588e+02  6.330900e+02  4.326886e+01 
 1020.000    13.000  6.736536e+02  6.304314e+02  4.322223e+01 
 1020.000    14.000  6.707358e+02  6.275640e+02  4.317177e+01 
 1020.000    15.000  6.676062e+02  6.244888e+02  4.311744e+01 
 1020.000    16.000  6.642659e+02  6.212067e+02  4.305921e+01 
 1020.000    17.000  6.607156e+02  6.177186e+02  4.299703e+01 
 1020.000    18.000  6.569567e+02  6.140259e+02  4.293086e+01 
 1020.000    19.000  6.529901e+02  6.101295e+02  4.286065e+01 
 1020.000    20.000  6.488170e+02  6.060306e+02  4.278633e+01 
 1020.000    21.000  6.444385e+02  6.017307e+02  4.270785e+01 
 1020.000    22.000  6.398562e+02  5.972311e+02  4.262513e+01 
 1020.000    23.000  6.350711e+02  5.925330e+02  4.253809e+01 
 1020.000    24.000  6.300848e+02  5.876381e+02  4.244664e+01 
 1020.000    25.000  6.248987e+02  5.825480e+02  4.235069e+01 
 1020.000    26.000  6.195142e+02  5.772641e+02  4.225012e+01 
 1020.000    27.000  6.139330e+02  5.717882e+02  4.214484e+01 
 1020.000    28.000  6.081567e+02  5.661220e+02  4.203472e+01 
 1020.000    29.000  6.021870e+02  5.602673e+02  4.191963e+01 
 1020.000    30.000  5.960254e+02  5.542260e+02  4.179944e+01 
 1020.000    31.000  5.896739e+02  5.479999e+02  4.167399e+01 
 1020.000    32.000  5.831342e+02  5.415911e+02  4.154313e+01 
 1020.000    33.000  5.764082e+02  5.350015e+02  4.140670e+01 
 1020.000    34.000  5.694979e+02  5.282334e+02  4.126453e+01 
 1020.000    35.000  5.624053e+02  5.212889e+02  4.111644e+01 
 1020.000    36.000  5.551323e+02  5.141701e+02  4.096224e+01 
 1020.000    37.000  5.476812e+02  5.068794e+02  4.080173e+01 
 1020.000    38.000  5.400539e+02  4.994192e+02  4.063472e+01 
 1020.000    39.000  5.322527e+02  4.917917e+02  4.046099e+01 
 1020.000    40.000  5.242799e+02  4.839996e+02  4.028034e+01 
 1020.000    41.000  5.161378e+02  4.760453e+02  4.009253e+01 
 1020.000    42.000  5.078287e+02  4.679313e+02  3.989735e+01 
 1020.000    43.000  4.993551e+02  4.596605e+02  3.969457e+01 
 1020.000    44.000  4.907193e+02  4.512354e+02  3.948394e+01 
 1020.000    45.000  4.819240e+02  4.426588e+02  3.926524e+01 
 1020.000    46.000  4.729719e+02  4.339337e+02  3.903822e+01 
 1020.000    47.000  4.638654e+02  4.250627e+02  3.880263e+01 
 1020.000    48.000  4.546073e+02  4.160490e+02  3.855823e+01 
 1020.000    49.000  4.452004e+02  4.068956e+02  3.830476e+01 
 1020.000    50.000  4.356475e+02  3.976055e+02  3.804198e+01 
 1020.000    51.000  4.259516e+02  3.881820e+02  3.776964e+01 
 1020.000    52.000  4.161156e+02  3.786282e+02  3.748746e+01 
 1020.000    53.000  4.061426e+02  3.689474e+02  3.719520e+01 
 1020.000    54.000  3.960356e+02  3.591430e+02  3.689259e+01 
 1020.000    55.000  3.857980e+02  3.492187e+02  3.657936e+01 
 1020.000    56.000  3.754329e+02  3.391777e+02  3.625525e+01 
 1020.000    57.000  3.649438e+02  3.290238e+02  3.591996e+01 
 1020.000    58.000  3.543340e+02  3.187608e+02  3.557321e+01 
 1020.000    59.000  3.436072e+02  3.083925e+02  3.521469e+01 
 1020.000    59.996  3.328066e+02  2.979612e+02  3.484546e+01 
 1020.000    61.000  3.218170e+02  2.873560e+02  3.446106e+01 
 1020.000    62.000  3.107613e+02  2.766960e+02  3.406525e+01 
 1020.000    63.000  2.996037e+02  2.659475e+02  3.365623e+01 
 1020.000    64.000  2.883485e+02  2.551149e+02  3.323357e+01 
 1020.000    65.000  2.769999e+02  2.442031e+02  3.279676e+01 
 1020.000    66.000  2.655623e+02  2.332171e+02  3.234525e+01 
 1020.000    67.000  2.540405e+02  2.221622e+02  3.187835e+01 
 1020.000    68.000  2.424393e+02  2.110440e+02  3.139532e+01 
 1020.000    69.000  2.307638e+02  1.998686e+02  3.089525e+01 
 1020.000    70.000  2.190196e+02  1.886425e+02  3.037705e+01 
 1020.000    71.000  2.072124e+02  1.773729e+02  2.983943e+01 
 1020.000    72.000  1.953484e+02  1.660676e+02  2.928080e+01 
 1020.000    73.000  1.834346e+02  1.547354e+02  2.869921e+01 
 1020.000    74.000  1.714785e+02  1.433862e+02  2.809225e+01 
 1020.000    75.000  1.594884e+02  1.320315e+02  2.745687e+01 
 1020.000    76.000  1.474738e+02  1.206846e+02  2.678924e+01 
 1020.000    77.000  1.354459e+02  1.093615e+02  2.608441e+01 
 1020.000    78.000  1.234175e+02  9.808160e+01  2.533595e+01 
 1020.000    79.000  1.114047e+02  8.686932e+01  2.453538e+01 
 1020.000    80.000  9.942702e+01  7.575574e+01  2.367128e+01 
 1020.000    81.000  8.750984e+01  6.478182e+01  2.272802e+01 
 1020.000    82.000  7.568697e+01  5.400328e+01  2.168370e+01 
 1020.000    83.000  6.400513e+01  4.349837e+01  2.050676e+01 
 1020.000    84.000  5.253189e+01  3.338151e+01  1.915038e+01 
 1020.000    85.000  4.136977e+01  2.382719e+01  1.754259e+01 
 1020.000    86.000  3.068270e+01  1.511413e+01  1.556857e+01 
 1020.000    87.000  2.074674e+01  7.706892e+00  1.303985e+01 
 1020.000    88.000  1.203757e+01  2.382245e+00  9.655324e+00 
 1020.000    89.000  5.227528e+00  1.202271e-01  5.107301e+00 
