 1245.000     0.000  4.413603e+02  4.218400e+02  1.952029e+01 
 1245.000     1.000  4.412903e+02  4.217709e+02  1.951945e+01 
 1245.000     2.000  4.410805e+02  4.215635e+02  1.951693e+01 
 1245.000     3.000  4.407307e+02  4.212180e+02  1.951273e+01 
 1245.000     4.000  4.402412e+02  4.207344e+02  1.950684e+01 
 1245.000     5.000  4.396121e+02  4.201129e+02  1.949927e+01 
 1245.000     6.000  4.388437e+02  4.193536e+02  1.949001e+01 
 1245.000     7.000  4.379360e+02  4.184569e+02  1.947906e+01 
 1245.000     8.000  4.368894e+02  4.174230e+02  1.946641e+01 
 1245.000     9.000  4.357042e+02  4.162522e+02  1.945207e+01 
 1245.000    10.000  4.343808e+02  4.149448e+02  1.943602e+01 
 1245.000    11.000  4.329196e+02  4.135013e+02  1.941825e+01 
 1245.000    12.000  4.313210e+02  4.119222e+02  1.939876e+01 
 1245.000    13.000  4.295854e+02  4.102079e+02  1.937753e+01 
 1245.000    14.000  4.277135e+02  4.083590e+02  1.935456e+01 
 1245.000    15.000  4.257058e+02  4.063759e+02  1.932983e+01 
 1245.000    16.000  4.235628e+02  4.042595e+02  1.930332e+01 
 1245.000    17.000  4.212852e+02  4.020102e+02  1.927501e+01 
 1245.000    18.000  4.188737e+02  3.996288e+02  1.924489e+01 
 1245.000    19.000  4.163290e+02  3.971161e+02  1.921292e+01 
 1245.000    20.000  4.136519e+02  3.944728e+02  1.917908e+01 
 1245.000    21.000  4.108431e+02  3.916998e+02  1.914334e+01 
 1245.000    22.000  4.079035e+02  3.887979e+02  1.910566e+01 
 1245.000    23.000  4.048340e+02  3.857679e+02  1.906602e+01 
 1245.000    24.000  4.016353e+02  3.826110e+02  1.902435e+01 
 1245.000    25.000  3.983087e+02  3.793280e+02  1.898064e+01 
 1245.000    26.000  3.948549e+02  3.759200e+02  1.893481e+01 
 1245.000    27.000  3.912749e+02  3.723880e+02  1.888683e+01 
 1245.000    28.000  3.875699e+02  3.687332e+02  1.883663e+01 
 1245.000    29.000  3.837409e+02  3.649567e+02  1.878415e+01 
 1245.000    30.000  3.797890e+02  3.610597e+02  1.872934e+01 
 1245.000    31.000  3.757155e+02  3.570433e+02  1.867212e+01 
 1245.000    32.000  3.715214e+02  3.529090e+02  1.861242e+01 
 1245.000    33.000  3.672080e+02  3.486579e+02  1.855016e+01 
 1245.000    34.000  3.627766e+02  3.442913e+02  1.848527e+01 
 1245.000    35.000  3.582285e+02  3.398109e+02  1.841766e+01 
 1245.000    36.000  3.535649e+02  3.352177e+02  1.834724e+01 
 1245.000    37.000  3.487874e+02  3.305134e+02  1.827392e+01 
 1245.000    38.000  3.438971e+02  3.256995e+02  1.819762e+01 
 1245.000    39.000  3.388957e+02  3.207774e+02  1.811823e+01 
 1245.000    40.000  3.337845e+02  3.157488e+02  1.803565e+01 
 1245.000    41.000  3.285650e+02  3.106152e+02  1.794979e+01 
 1245.000    42.000  3.232388e+02  3.053783e+02  1.786053e+01 
 1245.000    43.000  3.178075e+02  3.000398e+02  1.776777e+01 
 1245.000    44.000  3.122727e+02  2.946013e+02  1.767141e+01 
 1245.000    45.000  3.066360e+02  2.890647e+02  1.757134e+01 
 1245.000    46.000  3.008991e+02  2.834317e+02  1.746744e+01 
 1245.000    47.000  2.950638e+02  2.777041e+02  1.735961e+01 
 1245.000    48.000  2.891317e+02  2.718839e+02  1.724772e+01 
 1245.000    49.000  2.831046e+02  2.659730e+02  1.713168e+01 
 1245.000    50.000  2.769845e+02  2.599732e+02  1.701136e+01 
 1245.000    51.000  2.707732e+02  2.538866e+02  1.688665e+01 
 1245.000    52.000  2.644726e+02  2.477152e+02  1.675744e+01 
 1245.000    53.000  2.580847e+02  2.414611e+02  1.662362e+01 
 1245.000    54.000  2.516114e+02  2.351264e+02  1.648506e+01 
 1245.000    55.000  2.450549e+02  2.287132e+02  1.634165e+01 
 1245.000    56.000  2.384172e+02  2.222239e+02  1.619327e+01 
 1245.000    57.000  2.317005e+02  2.156607e+02  1.603979e+01 
 1245.000    58.000  2.249069e+02  2.090258e+02  1.588111e+01 
 1245.000    59.000  2.180388e+02  2.023217e+02  1.571707e+01 
 1245.000    59.996  2.111238e+02  1.955756e+02  1.554819e+01 
 1245.000    61.000  2.040881e+02  1.887157e+02  1.537243e+01 
 1245.000    62.000  1.970105e+02  1.818190e+02  1.519151e+01 
 1245.000    63.000  1.898679e+02  1.748633e+02  1.500465e+01 
 1245.000    64.000  1.826631e+02  1.678514e+02  1.481166e+01 
 1245.000    65.000  1.753986e+02  1.607863e+02  1.461232e+01 
 1245.000    66.000  1.680773e+02  1.536709e+02  1.440640e+01 
 1245.000    67.000  1.607022e+02  1.465086e+02  1.419363e+01 
 1245.000    68.000  1.532763e+02  1.393026e+02  1.397369e+01 
 1245.000    69.000  1.458028e+02  1.320566e+02  1.374619e+01 
 1245.000    70.000  1.382850e+02  1.247744e+02  1.351067e+01 
 1245.000    71.000  1.307268e+02  1.174602e+02  1.326660e+01 
 1245.000    72.000  1.231319e+02  1.101186e+02  1.301329e+01 
 1245.000    73.000  1.155047e+02  1.027547e+02  1.274992e+01 
 1245.000    74.000  1.078498e+02  9.537433e+01  1.247545e+01 
 1245.000    75.000  1.001725e+02  8.798393e+01  1.218858e+01 
 1245.000    76.000  9.247887e+01  8.059122e+01  1.188765e+01 
 1245.000    77.000  8.477582e+01  7.320531e+01  1.157051e+01 
 1245.000    78.000  7.707166e+01  6.583729e+01  1.123437e+01 
 1245.000    79.000  6.937656e+01  5.850104e+01  1.087552e+01 
 1245.000    80.000  6.170326e+01  5.121430e+01  1.048896e+01 
 1245.000    81.000  5.406831e+01  4.400053e+01  1.006778e+01 
 1245.000    82.000  4.649407e+01  3.689181e+01  9.602265e+00 
 1245.000    83.000  3.901189e+01  2.993355e+01  9.078339e+00 
 1245.000    84.000  3.166790e+01  2.319296e+01  8.474931e+00 
 1245.000    85.000  2.453353e+01  1.677418e+01  7.759353e+00 
 1245.000    86.000  1.772624e+01  1.084738e+01  6.878856e+00 
 1245.000    87.000  1.145186e+01  5.706301e+00  5.745557e+00 
 1245.000    88.000  6.089739e+00  1.872615e+00  4.217124e+00 
 1245.000    89.000  2.271304e+00  1.120562e-01  2.159248e+00 
