 1550.000     0.000  2.628266e+02  2.558548e+02  6.971770e+00 
 1550.000     1.000  2.627856e+02  2.558141e+02  6.971495e+00 
 1550.000     2.000  2.626628e+02  2.556921e+02  6.970670e+00 
 1550.000     3.000  2.624580e+02  2.554888e+02  6.969294e+00 
 1550.000     4.000  2.621715e+02  2.552042e+02  6.967369e+00 
 1550.000     5.000  2.618033e+02  2.548384e+02  6.964892e+00 
 1550.000     6.000  2.613534e+02  2.543916e+02  6.961866e+00 
 1550.000     7.000  2.608221e+02  2.538638e+02  6.958288e+00 
 1550.000     8.000  2.602095e+02  2.532553e+02  6.954159e+00 
 1550.000     9.000  2.595157e+02  2.525663e+02  6.949478e+00 
 1550.000    10.000  2.587411e+02  2.517968e+02  6.944242e+00 
 1550.000    11.000  2.578858e+02  2.509473e+02  6.938452e+00 
 1550.000    12.000  2.569500e+02  2.500179e+02  6.932105e+00 
 1550.000    13.000  2.559342e+02  2.490090e+02  6.925200e+00 
 1550.000    14.000  2.548385e+02  2.479208e+02  6.917732e+00 
 1550.000    15.000  2.536633e+02  2.467536e+02  6.909698e+00 
 1550.000    16.000  2.524090e+02  2.455079e+02  6.901096e+00 
 1550.000    17.000  2.510760e+02  2.441841e+02  6.891918e+00 
 1550.000    18.000  2.496646e+02  2.427825e+02  6.882160e+00 
 1550.000    19.000  2.481753e+02  2.413035e+02  6.871814e+00 
 1550.000    20.000  2.466085e+02  2.397476e+02  6.860872e+00 
 1550.000    21.000  2.449647e+02  2.381154e+02  6.849326e+00 
 1550.000    22.000  2.432444e+02  2.364072e+02  6.837164e+00 
 1550.000    23.000  2.414481e+02  2.346237e+02  6.824376e+00 
 1550.000    24.000  2.395763e+02  2.327654e+02  6.810948e+00 
 1550.000    25.000  2.376297e+02  2.308329e+02  6.796868e+00 
 1550.000    26.000  2.356087e+02  2.288266e+02  6.782117e+00 
 1550.000    27.000  2.335141e+02  2.267474e+02  6.766681e+00 
 1550.000    28.000  2.313463e+02  2.245958e+02  6.750540e+00 
 1550.000    29.000  2.291061e+02  2.223724e+02  6.733675e+00 
 1550.000    30.000  2.267941e+02  2.200781e+02  6.716063e+00 
 1550.000    31.000  2.244111e+02  2.177134e+02  6.697681e+00 
 1550.000    32.000  2.219577e+02  2.152791e+02  6.678506e+00 
 1550.000    33.000  2.194346e+02  2.127760e+02  6.658512e+00 
 1550.000    34.000  2.168426e+02  2.102049e+02  6.637670e+00 
 1550.000    35.000  2.141825e+02  2.075665e+02  6.615953e+00 
 1550.000    36.000  2.114550e+02  2.048617e+02  6.593330e+00 
 1550.000    37.000  2.086610e+02  2.020912e+02  6.569770e+00 
 1550.000    38.000  2.058013e+02  1.992561e+02  6.545242e+00 
 1550.000    39.000  2.028768e+02  1.963571e+02  6.519711e+00 
 1550.000    40.000  1.998883e+02  1.933951e+02  6.493143e+00 
 1550.000    41.000  1.968367e+02  1.903712e+02  6.465503e+00 
 1550.000    42.000  1.937229e+02  1.872861e+02  6.436756e+00 
 1550.000    43.000  1.905478e+02  1.841409e+02  6.406863e+00 
 1550.000    44.000  1.873124e+02  1.809366e+02  6.375790e+00 
 1550.000    45.000  1.840177e+02  1.776742e+02  6.343497e+00 
 1550.000    46.000  1.806647e+02  1.743547e+02  6.309949e+00 
 1550.000    47.000  1.772542e+02  1.709791e+02  6.275107e+00 
 1550.000    48.000  1.737875e+02  1.675486e+02  6.238934e+00 
 1550.000    49.000  1.702654e+02  1.640641e+02  6.201392e+00 
 1550.000    50.000  1.666892e+02  1.605268e+02  6.162445e+00 
 1550.000    51.000  1.630598e+02  1.569378e+02  6.122055e+00 
 1550.000    52.000  1.593785e+02  1.532983e+02  6.080188e+00 
 1550.000    53.000  1.556462e+02  1.496094e+02  6.036808e+00 
 1550.000    54.000  1.518641e+02  1.458722e+02  5.991879e+00 
 1550.000    55.000  1.480335e+02  1.420881e+02  5.945368e+00 
 1550.000    56.000  1.441555e+02  1.382582e+02  5.897240e+00 
 1550.000    57.000  1.402313e+02  1.343838e+02  5.847464e+00 
 1550.000    58.000  1.362621e+02  1.304661e+02  5.796007e+00 
 1550.000    59.000  1.322492e+02  1.265064e+02  5.742836e+00 
 1550.000    59.996  1.282088e+02  1.225207e+02  5.688122e+00 
 1550.000    61.000  1.240975e+02  1.184663e+02  5.631224e+00 
 1550.000    62.000  1.199613e+02  1.143886e+02  5.572719e+00 
 1550.000    63.000  1.157867e+02  1.102743e+02  5.512367e+00 
 1550.000    64.000  1.115749e+02  1.061248e+02  5.450133e+00 
 1550.000    65.000  1.073276e+02  1.019416e+02  5.385976e+00 
 1550.000    66.000  1.030460e+02  9.772610e+01  5.319852e+00 
 1550.000    67.000  9.873161e+01  9.347990e+01  5.251710e+00 
 1550.000    68.000  9.438606e+01  8.920457e+01  5.181491e+00 
 1550.000    69.000  9.001086e+01  8.490174e+01  5.109126e+00 
 1550.000    70.000  8.560764e+01  8.057310e+01  5.034529e+00 
 1550.000    71.000  8.117803e+01  7.622044e+01  4.957596e+00 
 1550.000    72.000  7.672382e+01  7.184562e+01  4.878198e+00 
 1550.000    73.000  7.224682e+01  6.745065e+01  4.796173e+00 
 1550.000    74.000  6.774898e+01  6.303767e+01  4.711311e+00 
 1550.000    75.000  6.323239e+01  5.860904e+01  4.623347e+00 
 1550.000    76.000  5.869929e+01  5.416736e+01  4.531930e+00 
 1550.000    77.000  5.415218e+01  4.971558e+01  4.436599e+00 
 1550.000    78.000  4.959386e+01  4.525712e+01  4.336739e+00 
 1550.000    79.000  4.502760e+01  4.079609e+01  4.231509e+00 
 1550.000    80.000  4.045726e+01  3.633751e+01  4.119742e+00 
 1550.000    81.000  3.588767e+01  3.188789e+01  3.999784e+00 
 1550.000    82.000  3.132511e+01  2.745590e+01  3.869214e+00 
 1550.000    83.000  2.677818e+01  2.305381e+01  3.724370e+00 
 1550.000    84.000  2.225944e+01  1.869997e+01  3.559465e+00 
 1550.000    85.000  1.778864e+01  1.442381e+01  3.364833e+00 
 1550.000    86.000  1.339979e+01  1.027668e+01  3.123113e+00 
 1550.000    87.000  9.158201e+00  6.358235e+00  2.799966e+00 
 1550.000    88.000  5.209223e+00  2.891203e+00  2.318020e+00 
 1550.000    89.000  1.939465e+00  4.630426e-01  1.476423e+00 
