 1640.000     0.000  2.196350e+02  2.143140e+02  5.321022e+00 
 1640.000     1.000  2.196005e+02  2.142797e+02  5.320811e+00 
 1640.000     2.000  2.194970e+02  2.141768e+02  5.320179e+00 
 1640.000     3.000  2.193244e+02  2.140053e+02  5.319124e+00 
 1640.000     4.000  2.190830e+02  2.137654e+02  5.317649e+00 
 1640.000     5.000  2.187727e+02  2.134569e+02  5.315752e+00 
 1640.000     6.000  2.183936e+02  2.130801e+02  5.313433e+00 
 1640.000     7.000  2.179458e+02  2.126351e+02  5.310691e+00 
 1640.000     8.000  2.174296e+02  2.121221e+02  5.307527e+00 
 1640.000     9.000  2.168450e+02  2.115410e+02  5.303940e+00 
 1640.000    10.000  2.161922e+02  2.108923e+02  5.299930e+00 
 1640.000    11.000  2.154715e+02  2.101760e+02  5.295494e+00 
 1640.000    12.000  2.146830e+02  2.093924e+02  5.290631e+00 
 1640.000    13.000  2.138270e+02  2.085417e+02  5.285341e+00 
 1640.000    14.000  2.129038e+02  2.076241e+02  5.279620e+00 
 1640.000    15.000  2.119136e+02  2.066401e+02  5.273466e+00 
 1640.000    16.000  2.108568e+02  2.055899e+02  5.266876e+00 
 1640.000    17.000  2.097336e+02  2.044738e+02  5.259845e+00 
 1640.000    18.000  2.085445e+02  2.032921e+02  5.252369e+00 
 1640.000    19.000  2.072897e+02  2.020453e+02  5.244443e+00 
 1640.000    20.000  2.059697e+02  2.007336e+02  5.236061e+00 
 1640.000    21.000  2.045849e+02  1.993577e+02  5.227214e+00 
 1640.000    22.000  2.031356e+02  1.979177e+02  5.217895e+00 
 1640.000    23.000  2.016224e+02  1.964143e+02  5.208096e+00 
 1640.000    24.000  2.000457e+02  1.948479e+02  5.197804e+00 
 1640.000    25.000  1.984060e+02  1.932190e+02  5.187010e+00 
 1640.000    26.000  1.967038e+02  1.915280e+02  5.175702e+00 
 1640.000    27.000  1.949395e+02  1.897756e+02  5.163865e+00 
 1640.000    28.000  1.931137e+02  1.879622e+02  5.151485e+00 
 1640.000    29.000  1.912271e+02  1.860885e+02  5.138546e+00 
 1640.000    30.000  1.892801e+02  1.841550e+02  5.125031e+00 
 1640.000    31.000  1.872733e+02  1.821624e+02  5.110921e+00 
 1640.000    32.000  1.852074e+02  1.801112e+02  5.096198e+00 
 1640.000    33.000  1.830829e+02  1.780021e+02  5.080839e+00 
 1640.000    34.000  1.809006e+02  1.758358e+02  5.064825e+00 
 1640.000    35.000  1.786611e+02  1.736129e+02  5.048131e+00 
 1640.000    36.000  1.763650e+02  1.713343e+02  5.030735e+00 
 1640.000    37.000  1.740131e+02  1.690005e+02  5.012610e+00 
 1640.000    38.000  1.716060e+02  1.666123e+02  4.993731e+00 
 1640.000    39.000  1.691446e+02  1.641705e+02  4.974073e+00 
 1640.000    40.000  1.666295e+02  1.616759e+02  4.953606e+00 
 1640.000    41.000  1.640615e+02  1.591292e+02  4.932303e+00 
 1640.000    42.000  1.614414e+02  1.565313e+02  4.910135e+00 
 1640.000    43.000  1.587701e+02  1.538830e+02  4.887073e+00 
 1640.000    44.000  1.560482e+02  1.511851e+02  4.863088e+00 
 1640.000    45.000  1.532767e+02  1.484386e+02  4.838149e+00 
 1640.000    46.000  1.504564e+02  1.456442e+02  4.812228e+00 
 1640.000    47.000  1.475882e+02  1.428029e+02  4.785292e+00 
 1640.000    48.000  1.446729e+02  1.399156e+02  4.757312e+00 
 1640.000    49.000  1.417115e+02  1.369833e+02  4.728260e+00 
 1640.000    50.000  1.387050e+02  1.340069e+02  4.698103e+00 
 1640.000    51.000  1.356541e+02  1.309873e+02  4.666814e+00 
 1640.000    52.000  1.325599e+02  1.279256e+02  4.634364e+00 
 1640.000    53.000  1.294234e+02  1.248227e+02  4.600722e+00 
 1640.000    54.000  1.262457e+02  1.216798e+02  4.565863e+00 
 1640.000    55.000  1.230275e+02  1.184978e+02  4.529758e+00 
 1640.000    56.000  1.197702e+02  1.152778e+02  4.492379e+00 
 1640.000    57.000  1.164746e+02  1.120209e+02  4.453701e+00 
 1640.000    58.000  1.131418e+02  1.087281e+02  4.413697e+00 
 1640.000    59.000  1.097731e+02  1.054007e+02  4.372341e+00 
 1640.000    59.996  1.063819e+02  1.020521e+02  4.329764e+00 
 1640.000    61.000  1.029320e+02  9.864654e+01  4.285466e+00 
 1640.000    62.000  9.946200e+01  9.522211e+01  4.239894e+00 
 1640.000    63.000  9.596061e+01  9.176775e+01  4.192862e+00 
 1640.000    64.000  9.242907e+01  8.828473e+01  4.144340e+00 
 1640.000    65.000  8.886863e+01  8.477434e+01  4.094295e+00 
 1640.000    66.000  8.528061e+01  8.123792e+01  4.042690e+00 
 1640.000    67.000  8.166631e+01  7.767683e+01  3.989486e+00 
 1640.000    68.000  7.802714e+01  7.409251e+01  3.934633e+00 
 1640.000    69.000  7.436452e+01  7.048644e+01  3.878076e+00 
 1640.000    70.000  7.067993e+01  6.686018e+01  3.819747e+00 
 1640.000    71.000  6.697492e+01  6.321536e+01  3.759562e+00 
 1640.000    72.000  6.325115e+01  5.955373e+01  3.697419e+00 
 1640.000    73.000  5.951031e+01  5.587712e+01  3.633189e+00 
 1640.000    74.000  5.575429e+01  5.218758e+01  3.566708e+00 
 1640.000    75.000  5.198507e+01  4.848730e+01  3.497767e+00 
 1640.000    76.000  4.820486e+01  4.477877e+01  3.426093e+00 
 1640.000    77.000  4.441611e+01  4.106478e+01  3.351331e+00 
 1640.000    78.000  4.062161e+01  3.734861e+01  3.273004e+00 
 1640.000    79.000  3.682463e+01  3.363416e+01  3.190472e+00 
 1640.000    80.000  3.302911e+01  2.992626e+01  3.102849e+00 
 1640.000    81.000  2.923991e+01  2.623102e+01  3.008891e+00 
 1640.000    82.000  2.546340e+01  2.255661e+01  2.906795e+00 
 1640.000    83.000  2.170822e+01  1.891436e+01  2.793865e+00 
 1640.000    84.000  1.798683e+01  1.532093e+01  2.665900e+00 
 1640.000    85.000  1.431839e+01  1.180240e+01  2.515987e+00 
 1640.000    86.000  1.073494e+01  8.403001e+00  2.331942e+00 
 1640.000    87.000  7.295701e+00  5.205565e+00  2.090136e+00 
 1640.000    88.000  4.126019e+00  2.387827e+00  1.738192e+00 
 1640.000    89.000  1.540628e+00  4.022619e-01  1.138366e+00 
