  305.000     0.000  9.225185e+01  3.910420e+01  5.314764e+01 
  305.000     1.000  9.220767e+01  3.908015e+01  5.312752e+01 
  305.000     2.000  9.207520e+01  3.900804e+01  5.306717e+01 
  305.000     3.000  9.185469e+01  3.888804e+01  5.296664e+01 
  305.000     4.000  9.154652e+01  3.872047e+01  5.282606e+01 
  305.000     5.000  9.115122e+01  3.850569e+01  5.264553e+01 
  305.000     6.000  9.066949e+01  3.824424e+01  5.242525e+01 
  305.000     7.000  9.010216e+01  3.793674e+01  5.216542e+01 
  305.000     8.000  8.945025e+01  3.758394e+01  5.186631e+01 
  305.000     9.000  8.871491e+01  3.718669e+01  5.152822e+01 
  305.000    10.000  8.789741e+01  3.674594e+01  5.115147e+01 
  305.000    11.000  8.699924e+01  3.626278e+01  5.073646e+01 
  305.000    12.000  8.602199e+01  3.573838e+01  5.028361e+01 
  305.000    13.000  8.496738e+01  3.517401e+01  4.979337e+01 
  305.000    14.000  8.383734e+01  3.457108e+01  4.926627e+01 
  305.000    15.000  8.263391e+01  3.393105e+01  4.870287e+01 
  305.000    16.000  8.135927e+01  3.325551e+01  4.810376e+01 
  305.000    17.000  8.001573e+01  3.254615e+01  4.746959e+01 
  305.000    18.000  7.860581e+01  3.180474e+01  4.680107e+01 
  305.000    19.000  7.713205e+01  3.103311e+01  4.609894e+01 
  305.000    20.000  7.559725e+01  3.023324e+01  4.536401e+01 
  305.000    21.000  7.400426e+01  2.940714e+01  4.459712e+01 
  305.000    22.000  7.235611e+01  2.855692e+01  4.379919e+01 
  305.000    23.000  7.065591e+01  2.768475e+01  4.297116e+01 
  305.000    24.000  6.890692e+01  2.679287e+01  4.211406e+01 
  305.000    25.000  6.711256e+01  2.588359e+01  4.122897e+01 
  305.000    26.000  6.527628e+01  2.495927e+01  4.031701e+01 
  305.000    27.000  6.340170e+01  2.402232e+01  3.937938e+01 
  305.000    28.000  6.149254e+01  2.307520e+01  3.841734e+01 
  305.000    29.000  5.955264e+01  2.212042e+01  3.743221e+01 
  305.000    30.000  5.758586e+01  2.116048e+01  3.642538e+01 
  305.000    31.000  5.559625e+01  2.019796e+01  3.539830e+01 
  305.000    32.000  5.358787e+01  1.923539e+01  3.435248e+01 
  305.000    33.000  5.156487e+01  1.827535e+01  3.328952e+01 
  305.000    34.000  4.953149e+01  1.732042e+01  3.221108e+01 
  305.000    35.000  4.749202e+01  1.637313e+01  3.111889e+01 
  305.000    36.000  4.545076e+01  1.543602e+01  3.001474e+01 
  305.000    37.000  4.341208e+01  1.451157e+01  2.890051e+01 
  305.000    38.000  4.138039e+01  1.360224e+01  2.777815e+01 
  305.000    39.000  3.936007e+01  1.271041e+01  2.664966e+01 
  305.000    40.000  3.735553e+01  1.183840e+01  2.551714e+01 
  305.000    41.000  3.537118e+01  1.098845e+01  2.438273e+01 
  305.000    42.000  3.341135e+01  1.016269e+01  2.324866e+01 
  305.000    43.000  3.148038e+01  9.363158e+00  2.211722e+01 
  305.000    44.000  2.958250e+01  8.591753e+00  2.099075e+01 
  305.000    45.000  2.772190e+01  7.850242e+00  1.987166e+01 
  305.000    46.000  2.590265e+01  7.140241e+00  1.876241e+01 
  305.000    47.000  2.412867e+01  6.463190e+00  1.766548e+01 
  305.000    48.000  2.240379e+01  5.820357e+00  1.658344e+01 
  305.000    49.000  2.073164e+01  5.212811e+00  1.551883e+01 
  305.000    50.000  1.911568e+01  4.641416e+00  1.447427e+01 
  305.000    51.000  1.755912e+01  4.106807e+00  1.345232e+01 
  305.000    52.000  1.606498e+01  3.609396e+00  1.245558e+01 
  305.000    53.000  1.463596e+01  3.149345e+00  1.148661e+01 
  305.000    54.000  1.327450e+01  2.726569e+00  1.054793e+01 
  305.000    55.000  1.198271e+01  2.340729e+00  9.641984e+00 
  305.000    56.000  1.076236e+01  1.991220e+00  8.771141e+00 
  305.000    57.000  9.614841e+00  1.677184e+00  7.937656e+00 
  305.000    58.000  8.541134e+00  1.397500e+00  7.143634e+00 
  305.000    59.000  7.541819e+00  1.150804e+00  6.391016e+00 
  305.000    59.996  6.620253e+00  9.362214e-01  5.684031e+00 
  305.000    61.000  5.766408e+00  7.497450e-01  5.016663e+00 
  305.000    62.000  4.989174e+00  5.915450e-01  4.397629e+00 
  305.000    63.000  4.284023e+00  4.587077e-01  3.825315e+00 
  305.000    64.000  3.649179e+00  3.489170e-01  3.300262e+00 
  305.000    65.000  3.082377e+00  2.597625e-01  2.822614e+00 
  305.000    66.000  2.580878e+00  1.887862e-01  2.392092e+00 
  305.000    67.000  2.141495e+00  1.335305e-01  2.007964e+00 
  305.000    68.000  1.760613e+00  9.158964e-02  1.669024e+00 
  305.000    69.000  1.434241e+00  6.066152e-02  1.373579e+00 
  305.000    70.000  1.158055e+00  3.859747e-02  1.119458e+00 
  305.000    71.000  9.274715e-01  2.344756e-02  9.040239e-01 
  305.000    72.000  7.377166e-01  1.349751e-02  7.242191e-01 
  305.000    73.000  5.839174e-01  7.294359e-03  5.766230e-01 
  305.000    74.000  4.611974e-01  3.658121e-03  4.575393e-01 
  305.000    75.000  3.647789e-01  1.677617e-03  3.631013e-01 
  305.000    76.000  2.900921e-01  6.904185e-04  2.894016e-01 
  305.000    77.000  2.328802e-01  2.487945e-04  2.326314e-01 
  305.000    78.000  1.893001e-01  7.597477e-05  1.892241e-01 
  305.000    79.000  1.560062e-01  1.880443e-05  1.559874e-01 
  305.000    80.000  1.302112e-01  3.544769e-06  1.302077e-01 
  305.000    81.000  1.097115e-01  4.652556e-07  1.097110e-01 
  305.000    82.000  9.286928e-02  3.717409e-08  9.286924e-02 
  305.000    83.000  7.854772e-02  1.464678e-09  7.854772e-02 
  305.000    84.000  6.600684e-02  2.004504e-11  6.600684e-02 
  305.000    85.000  5.477874e-02  5.077084e-14  5.477874e-02 
  305.000    86.000  4.454608e-02  6.773140e-18  4.454608e-02 
  305.000    87.000  3.503290e-02  2.550259e-24  3.503290e-02 
  305.000    88.000  2.587597e-02  4.245326e-37  2.587597e-02 
  305.000    89.000  1.629484e-02  0.000000e+00  1.629484e-02 
