  340.000     0.000  5.506947e+02  2.734450e+02  2.772497e+02 
  340.000     1.000  5.505828e+02  2.733622e+02  2.772206e+02 
  340.000     2.000  5.502470e+02  2.731136e+02  2.771334e+02 
  340.000     3.000  5.496875e+02  2.726994e+02  2.769881e+02 
  340.000     4.000  5.489047e+02  2.721201e+02  2.767845e+02 
  340.000     5.000  5.478987e+02  2.713760e+02  2.765226e+02 
  340.000     6.000  5.466700e+02  2.704677e+02  2.762023e+02 
  340.000     7.000  5.452194e+02  2.693958e+02  2.758235e+02 
  340.000     8.000  5.435472e+02  2.681613e+02  2.753859e+02 
  340.000     9.000  5.416544e+02  2.667650e+02  2.748894e+02 
  340.000    10.000  5.395418e+02  2.652080e+02  2.743338e+02 
  340.000    11.000  5.372104e+02  2.634916e+02  2.737188e+02 
  340.000    12.000  5.346613e+02  2.616171e+02  2.730442e+02 
  340.000    13.000  5.318954e+02  2.595858e+02  2.723096e+02 
  340.000    14.000  5.289143e+02  2.573994e+02  2.715148e+02 
  340.000    15.000  5.257191e+02  2.550598e+02  2.706594e+02 
  340.000    16.000  5.223116e+02  2.525686e+02  2.697430e+02 
  340.000    17.000  5.186931e+02  2.499280e+02  2.687651e+02 
  340.000    18.000  5.148655e+02  2.471400e+02  2.677254e+02 
  340.000    19.000  5.108304e+02  2.442070e+02  2.666234e+02 
  340.000    20.000  5.065899e+02  2.411314e+02  2.654585e+02 
  340.000    21.000  5.021459e+02  2.379157e+02  2.642302e+02 
  340.000    22.000  4.975007e+02  2.345627e+02  2.629380e+02 
  340.000    23.000  4.926564e+02  2.310753e+02  2.615811e+02 
  340.000    24.000  4.876154e+02  2.274564e+02  2.601590e+02 
  340.000    25.000  4.823803e+02  2.237093e+02  2.586710e+02 
  340.000    26.000  4.769536e+02  2.198373e+02  2.571163e+02 
  340.000    27.000  4.713381e+02  2.158439e+02  2.554942e+02 
  340.000    28.000  4.655366e+02  2.117327e+02  2.538039e+02 
  340.000    29.000  4.595522e+02  2.075077e+02  2.520445e+02 
  340.000    30.000  4.533880e+02  2.031729e+02  2.502151e+02 
  340.000    31.000  4.470472e+02  1.987323e+02  2.483149e+02 
  340.000    32.000  4.405333e+02  1.941904e+02  2.463429e+02 
  340.000    33.000  4.338499e+02  1.895519e+02  2.442980e+02 
  340.000    34.000  4.270005e+02  1.848214e+02  2.421792e+02 
  340.000    35.000  4.199892e+02  1.800039e+02  2.399854e+02 
  340.000    36.000  4.128199e+02  1.751046e+02  2.377154e+02 
  340.000    37.000  4.054969e+02  1.701288e+02  2.353681e+02 
  340.000    38.000  3.980244e+02  1.650823e+02  2.329422e+02 
  340.000    39.000  3.904072e+02  1.599707e+02  2.304364e+02 
  340.000    40.000  3.826497e+02  1.548002e+02  2.278495e+02 
  340.000    41.000  3.747571e+02  1.495772e+02  2.251800e+02 
  340.000    42.000  3.667345e+02  1.443081e+02  2.224265e+02 
  340.000    43.000  3.585872e+02  1.389997e+02  2.195875e+02 
  340.000    44.000  3.503208e+02  1.336592e+02  2.166616e+02 
  340.000    45.000  3.419411e+02  1.282940e+02  2.136472e+02 
  340.000    46.000  3.334542e+02  1.229116e+02  2.105426e+02 
  340.000    47.000  3.248662e+02  1.175200e+02  2.073463e+02 
  340.000    48.000  3.161839e+02  1.121275e+02  2.040565e+02 
  340.000    49.000  3.074140e+02  1.067425e+02  2.006715e+02 
  340.000    50.000  2.985638e+02  1.013740e+02  1.971897e+02 
  340.000    51.000  2.896405e+02  9.603124e+01  1.936093e+02 
  340.000    52.000  2.806520e+02  9.072368e+01  1.899283e+02 
  340.000    53.000  2.716064e+02  8.546117e+01  1.861452e+02 
  340.000    54.000  2.625120e+02  8.025396e+01  1.822581e+02 
  340.000    55.000  2.533778e+02  7.511263e+01  1.782652e+02 
  340.000    56.000  2.442128e+02  7.004803e+01  1.741648e+02 
  340.000    57.000  2.350268e+02  6.507146e+01  1.699553e+02 
  340.000    58.000  2.258295e+02  6.019443e+01  1.656351e+02 
  340.000    59.000  2.166315e+02  5.542883e+01  1.612026e+02 
  340.000    59.996  2.074769e+02  5.080346e+01  1.566735e+02 
  340.000    61.000  1.982770e+02  4.628075e+01  1.519963e+02 
  340.000    62.000  1.891437e+02  4.192327e+01  1.472204e+02 
  340.000    63.000  1.800557e+02  3.772707e+01  1.423286e+02 
  340.000    64.000  1.710258e+02  3.370496e+01  1.373209e+02 
  340.000    65.000  1.620672e+02  2.986963e+01  1.321976e+02 
  340.000    66.000  1.531934e+02  2.623361e+01  1.269598e+02 
  340.000    67.000  1.444185e+02  2.280909e+01  1.216094e+02 
  340.000    68.000  1.357569e+02  1.960765e+01  1.161492e+02 
  340.000    69.000  1.272232e+02  1.664008e+01  1.105832e+02 
  340.000    70.000  1.188326e+02  1.391600e+01  1.049166e+02 
  340.000    71.000  1.106000e+02  1.144351e+01  9.915653e+01 
  340.000    72.000  1.025406e+02  9.228768e+00  9.331188e+01 
  340.000    73.000  9.466934e+01  7.275433e+00  8.739391e+01 
  340.000    74.000  8.700058e+01  5.584096e+00  8.141648e+01 
  340.000    75.000  7.954813e+01  4.151627e+00  7.539651e+01 
  340.000    76.000  7.232479e+01  2.970520e+00  6.935427e+01 
  340.000    77.000  6.534193e+01  2.028261e+00  6.331367e+01 
  340.000    78.000  5.860922e+01  1.306842e+00  5.730238e+01 
  340.000    79.000  5.213432e+01  7.825787e-01  5.135174e+01 
  340.000    80.000  4.592265e+01  4.264267e-01  4.549623e+01 
  340.000    81.000  3.997755e+01  2.051004e-01  3.977245e+01 
  340.000    82.000  3.430082e+01  8.321394e-02  3.421760e+01 
  340.000    83.000  2.889389e+01  2.653094e-02  2.886736e+01 
  340.000    84.000  2.375990e+01  5.910555e-03  2.375399e+01 
  340.000    85.000  1.890641e+01  7.456498e-04  1.890567e+01 
  340.000    86.000  1.434872e+01  3.507212e-05  1.434869e+01 
  340.000    87.000  1.011408e+01  2.332951e-07  1.011408e+01 
  340.000    88.000  6.249394e+00  1.219345e-11  6.249394e+00 
  340.000    89.000  2.839657e+00  2.919207e-24  2.839657e+00 
