  380.000     0.000  6.574589e+02  3.958746e+02  2.615842e+02 
  380.000     1.000  6.573345e+02  3.957726e+02  2.615619e+02 
  380.000     2.000  6.569614e+02  3.954663e+02  2.614951e+02 
  380.000     3.000  6.563397e+02  3.949561e+02  2.613836e+02 
  380.000     4.000  6.554698e+02  3.942424e+02  2.612275e+02 
  380.000     5.000  6.543519e+02  3.933253e+02  2.610266e+02 
  380.000     6.000  6.529863e+02  3.922054e+02  2.607809e+02 
  380.000     7.000  6.513738e+02  3.908835e+02  2.604902e+02 
  380.000     8.000  6.495147e+02  3.893602e+02  2.601545e+02 
  380.000     9.000  6.474100e+02  3.876365e+02  2.597735e+02 
  380.000    10.000  6.450602e+02  3.857133e+02  2.593470e+02 
  380.000    11.000  6.424664e+02  3.835916e+02  2.588748e+02 
  380.000    12.000  6.396296e+02  3.812729e+02  2.583567e+02 
  380.000    13.000  6.365507e+02  3.787582e+02  2.577924e+02 
  380.000    14.000  6.332310e+02  3.760493e+02  2.571817e+02 
  380.000    15.000  6.296718e+02  3.731476e+02  2.565241e+02 
  380.000    16.000  6.258743e+02  3.700549e+02  2.558194e+02 
  380.000    17.000  6.218400e+02  3.667730e+02  2.550671e+02 
  380.000    18.000  6.175707e+02  3.633039e+02  2.542668e+02 
  380.000    19.000  6.130677e+02  3.596496e+02  2.534182e+02 
  380.000    20.000  6.083331e+02  3.558125e+02  2.525206e+02 
  380.000    21.000  6.033684e+02  3.517948e+02  2.515736e+02 
  380.000    22.000  5.981758e+02  3.475992e+02  2.505766e+02 
  380.000    23.000  5.927571e+02  3.432281e+02  2.495291e+02 
  380.000    24.000  5.871147e+02  3.386844e+02  2.484303e+02 
  380.000    25.000  5.812508e+02  3.339711e+02  2.472797e+02 
  380.000    26.000  5.751676e+02  3.290912e+02  2.460764e+02 
  380.000    27.000  5.688678e+02  3.240479e+02  2.448199e+02 
  380.000    28.000  5.623537e+02  3.188446e+02  2.435091e+02 
  380.000    29.000  5.556283e+02  3.134849e+02  2.421434e+02 
  380.000    30.000  5.486942e+02  3.079724e+02  2.407217e+02 
  380.000    31.000  5.415543e+02  3.023111e+02  2.392432e+02 
  380.000    32.000  5.342118e+02  2.965050e+02  2.377068e+02 
  380.000    33.000  5.266698e+02  2.905583e+02  2.361115e+02 
  380.000    34.000  5.189316e+02  2.844755e+02  2.344561e+02 
  380.000    35.000  5.110008e+02  2.782611e+02  2.327396e+02 
  380.000    36.000  5.028808e+02  2.719200e+02  2.309608e+02 
  380.000    37.000  4.945753e+02  2.654572e+02  2.291181e+02 
  380.000    38.000  4.860886e+02  2.588781e+02  2.272105e+02 
  380.000    39.000  4.774243e+02  2.521879e+02  2.252364e+02 
  380.000    40.000  4.685869e+02  2.453925e+02  2.231944e+02 
  380.000    41.000  4.595807e+02  2.384978e+02  2.210829e+02 
  380.000    42.000  4.504103e+02  2.315100e+02  2.189003e+02 
  380.000    43.000  4.410806e+02  2.244358e+02  2.166449e+02 
  380.000    44.000  4.315966e+02  2.172818e+02  2.143148e+02 
  380.000    45.000  4.219635e+02  2.100552e+02  2.119083e+02 
  380.000    46.000  4.121869e+02  2.027634e+02  2.094235e+02 
  380.000    47.000  4.022723e+02  1.954142e+02  2.068581e+02 
  380.000    48.000  3.922258e+02  1.880157e+02  2.042101e+02 
  380.000    49.000  3.820537e+02  1.805765e+02  2.014772e+02 
  380.000    50.000  3.717626e+02  1.731055e+02  1.986571e+02 
  380.000    51.000  3.613593e+02  1.656120e+02  1.957473e+02 
  380.000    52.000  3.508511e+02  1.581059e+02  1.927452e+02 
  380.000    53.000  3.402455e+02  1.505974e+02  1.896481e+02 
  380.000    54.000  3.295506e+02  1.430975e+02  1.864531e+02 
  380.000    55.000  3.187748e+02  1.356176e+02  1.831573e+02 
  380.000    56.000  3.079269e+02  1.281695e+02  1.797574e+02 
  380.000    57.000  2.970162e+02  1.207659e+02  1.762504e+02 
  380.000    58.000  2.860526e+02  1.134201e+02  1.726326e+02 
  380.000    59.000  2.750466e+02  1.061460e+02  1.689005e+02 
  380.000    59.996  2.640492e+02  9.898443e+01  1.650648e+02 
  380.000    61.000  2.529515e+02  9.187283e+01  1.610786e+02 
  380.000    62.000  2.418864e+02  8.490554e+01  1.569809e+02 
  380.000    63.000  2.308269e+02  7.807373e+01  1.527532e+02 
  380.000    64.000  2.197867e+02  7.139553e+01  1.483912e+02 
  380.000    65.000  2.087805e+02  6.488989e+01  1.438906e+02 
  380.000    66.000  1.978240e+02  5.857674e+01  1.392473e+02 
  380.000    67.000  1.869337e+02  5.247692e+01  1.344568e+02 
  380.000    68.000  1.761273e+02  4.661208e+01  1.295152e+02 
  380.000    69.000  1.654232e+02  4.100473e+01  1.244185e+02 
  380.000    70.000  1.548414e+02  3.567799e+01  1.191634e+02 
  380.000    71.000  1.444027e+02  3.065541e+01  1.137473e+02 
  380.000    72.000  1.341290e+02  2.596069e+01  1.081683e+02 
  380.000    73.000  1.240435e+02  2.161725e+01  1.024262e+02 
  380.000    74.000  1.141701e+02  1.764756e+01  9.652254e+01 
  380.000    75.000  1.045336e+02  1.407230e+01  9.046131e+01 
  380.000    76.000  9.515919e+01  1.090926e+01  8.424994e+01 
  380.000    77.000  8.607198e+01  8.171826e+00  7.790015e+01 
  380.000    78.000  7.729630e+01  5.867073e+00  7.142923e+01 
  380.000    79.000  6.885483e+01  3.993425e+00  6.486140e+01 
  380.000    80.000  6.076714e+01  2.537944e+00  5.822920e+01 
  380.000    81.000  5.304830e+01  1.473527e+00  5.157478e+01 
  380.000    82.000  4.570706e+01  7.566169e-01  4.495044e+01 
  380.000    83.000  3.874440e+01  3.266290e-01  3.841777e+01 
  380.000    84.000  3.215311e+01  1.090317e-01  3.204408e+01 
  380.000    85.000  2.591967e+01  2.423720e-02  2.589543e+01 
  380.000    86.000  2.002967e+01  2.667672e-03  2.002701e+01 
  380.000    87.000  1.447628e+01  7.323165e-05  1.447621e+01 
  380.000    88.000  9.267510e+00  6.524410e-08  9.267510e+00 
  380.000    89.000  4.430125e+00  7.749876e-17  4.430125e+00 
