  412.000     0.000  1.295412e+03  8.579274e+02  4.374850e+02 
  412.000     1.000  1.295177e+03  8.577253e+02  4.374520e+02 
  412.000     2.000  1.294472e+03  8.571188e+02  4.373530e+02 
  412.000     3.000  1.293296e+03  8.561084e+02  4.371879e+02 
  412.000     4.000  1.291651e+03  8.546946e+02  4.369568e+02 
  412.000     5.000  1.289537e+03  8.528780e+02  4.366593e+02 
  412.000     6.000  1.286955e+03  8.506594e+02  4.362955e+02 
  412.000     7.000  1.283905e+03  8.480400e+02  4.358651e+02 
  412.000     8.000  1.280389e+03  8.450211e+02  4.353678e+02 
  412.000     9.000  1.276408e+03  8.416041e+02  4.348036e+02 
  412.000    10.000  1.271963e+03  8.377906e+02  4.341719e+02 
  412.000    11.000  1.267055e+03  8.335826e+02  4.334727e+02 
  412.000    12.000  1.261688e+03  8.289821e+02  4.327054e+02 
  412.000    13.000  1.255861e+03  8.239913e+02  4.318696e+02 
  412.000    14.000  1.249578e+03  8.186128e+02  4.309648e+02 
  412.000    15.000  1.242840e+03  8.128493e+02  4.299907e+02 
  412.000    16.000  1.235650e+03  8.067036e+02  4.289466e+02 
  412.000    17.000  1.228011e+03  8.001788e+02  4.278318e+02 
  412.000    18.000  1.219924e+03  7.932783e+02  4.266459e+02 
  412.000    19.000  1.211394e+03  7.860056e+02  4.253879e+02 
  412.000    20.000  1.202422e+03  7.783643e+02  4.240572e+02 
  412.000    21.000  1.193011e+03  7.703585e+02  4.226529e+02 
  412.000    22.000  1.183167e+03  7.619924e+02  4.211741e+02 
  412.000    23.000  1.172890e+03  7.532704e+02  4.196198e+02 
  412.000    24.000  1.162186e+03  7.441971e+02  4.179890e+02 
  412.000    25.000  1.151058e+03  7.347776e+02  4.162806e+02 
  412.000    26.000  1.139510e+03  7.250167e+02  4.144935e+02 
  412.000    27.000  1.127546e+03  7.149201e+02  4.126262e+02 
  412.000    28.000  1.115171e+03  7.044932e+02  4.106776e+02 
  412.000    29.000  1.102388e+03  6.937421e+02  4.086461e+02 
  412.000    30.000  1.089203e+03  6.826729e+02  4.065304e+02 
  412.000    31.000  1.075621e+03  6.712921e+02  4.043287e+02 
  412.000    32.000  1.061646e+03  6.596062e+02  4.020394e+02 
  412.000    33.000  1.047283e+03  6.476224e+02  3.996606e+02 
  412.000    34.000  1.032539e+03  6.353482e+02  3.971907e+02 
  412.000    35.000  1.017419e+03  6.227911e+02  3.946275e+02 
  412.000    36.000  1.001928e+03  6.099590e+02  3.919689e+02 
  412.000    37.000  9.860732e+02  5.968604e+02  3.892128e+02 
  412.000    38.000  9.698607e+02  5.835038e+02  3.863569e+02 
  412.000    39.000  9.532972e+02  5.698984e+02  3.833987e+02 
  412.000    40.000  9.363893e+02  5.560536e+02  3.803357e+02 
  412.000    41.000  9.191447e+02  5.419795e+02  3.771652e+02 
  412.000    42.000  9.015704e+02  5.276860e+02  3.738844e+02 
  412.000    43.000  8.836746e+02  5.131843e+02  3.704904e+02 
  412.000    44.000  8.654652e+02  4.984853e+02  3.669799e+02 
  412.000    45.000  8.469508e+02  4.836010e+02  3.633499e+02 
  412.000    46.000  8.281405e+02  4.685437e+02  3.595968e+02 
  412.000    47.000  8.090432e+02  4.533262e+02  3.557169e+02 
  412.000    48.000  7.896688e+02  4.379622e+02  3.517067e+02 
  412.000    49.000  7.700276e+02  4.224656e+02  3.475620e+02 
  412.000    50.000  7.501303e+02  4.068517e+02  3.432786e+02 
  412.000    51.000  7.299879e+02  3.911360e+02  3.388520e+02 
  412.000    52.000  7.096125e+02  3.753351e+02  3.342775e+02 
  412.000    53.000  6.890164e+02  3.594662e+02  3.295502e+02 
  412.000    54.000  6.682124e+02  3.435478e+02  3.246647e+02 
  412.000    55.000  6.472147e+02  3.275992e+02  3.196154e+02 
  412.000    56.000  6.260376e+02  3.116411e+02  3.143965e+02 
  412.000    57.000  6.046967e+02  2.956951e+02  3.090016e+02 
  412.000    58.000  5.832081e+02  2.797842e+02  3.034239e+02 
  412.000    59.000  5.615892e+02  2.639331e+02  2.976562e+02 
  412.000    59.996  5.399378e+02  2.482249e+02  2.917130e+02 
  412.000    61.000  5.180355e+02  2.325157e+02  2.855198e+02 
  412.000    62.000  4.961412e+02  2.170070e+02  2.791342e+02 
  412.000    63.000  4.741979e+02  2.016730e+02  2.725249e+02 
  412.000    64.000  4.522294e+02  1.865475e+02  2.656819e+02 
  412.000    65.000  4.302614e+02  1.716668e+02  2.585945e+02 
  412.000    66.000  4.083213e+02  1.570696e+02  2.512517e+02 
  412.000    67.000  3.864388e+02  1.427974e+02  2.436415e+02 
  412.000    68.000  3.646459e+02  1.288946e+02  2.357513e+02 
  412.000    69.000  3.429770e+02  1.154088e+02  2.275682e+02 
  412.000    70.000  3.214692e+02  1.023909e+02  2.190783e+02 
  412.000    71.000  3.001629e+02  8.989494e+01  2.102679e+02 
  412.000    72.000  2.791015e+02  7.797846e+01  2.011230e+02 
  412.000    73.000  2.583320e+02  6.670206e+01  1.916300e+02 
  412.000    74.000  2.379055e+02  5.612914e+01  1.817763e+02 
  412.000    75.000  2.178763e+02  4.632495e+01  1.715513e+02 
  412.000    76.000  1.983030e+02  3.735549e+01  1.609475e+02 
  412.000    77.000  1.792475e+02  2.928526e+01  1.499622e+02 
  412.000    78.000  1.607748e+02  2.217427e+01  1.386005e+02 
  412.000    79.000  1.429513e+02  1.607331e+01  1.268780e+02 
  412.000    80.000  1.258429e+02  1.101738e+01  1.148256e+02 
  412.000    81.000  1.095118e+02  7.016646e+00  1.024951e+02 
  412.000    82.000  9.401070e+01  4.044951e+00  8.996574e+01 
  412.000    83.000  7.937689e+01  2.026623e+00  7.735027e+01 
  412.000    84.000  6.562366e+01  8.252288e-01  6.479843e+01 
  412.000    85.000  5.273408e+01  2.423276e-01  5.249175e+01 
  412.000    86.000  4.066246e+01  4.050366e-02  4.062196e+01 
  412.000    87.000  2.935322e+01  2.231444e-03  2.935099e+01 
  412.000    88.000  1.877744e+01  8.010580e-06  1.877743e+01 
  412.000    89.000  8.964679e+00  6.230078e-13  8.964679e+00 
