  443.000     0.000  1.906094e+03  1.349342e+03  5.567524e+02 
  443.000     1.000  1.905758e+03  1.349044e+03  5.567140e+02 
  443.000     2.000  1.904748e+03  1.348149e+03  5.565988e+02 
  443.000     3.000  1.903066e+03  1.346659e+03  5.564069e+02 
  443.000     4.000  1.900711e+03  1.344573e+03  5.561380e+02 
  443.000     5.000  1.897686e+03  1.341894e+03  5.557921e+02 
  443.000     6.000  1.893990e+03  1.338621e+03  5.553688e+02 
  443.000     7.000  1.889624e+03  1.334756e+03  5.548683e+02 
  443.000     8.000  1.884591e+03  1.330301e+03  5.542900e+02 
  443.000     9.000  1.878892e+03  1.325259e+03  5.536338e+02 
  443.000    10.000  1.872529e+03  1.319630e+03  5.528992e+02 
  443.000    11.000  1.865504e+03  1.313418e+03  5.520860e+02 
  443.000    12.000  1.857819e+03  1.306625e+03  5.511936e+02 
  443.000    13.000  1.849476e+03  1.299255e+03  5.502216e+02 
  443.000    14.000  1.840479e+03  1.291310e+03  5.491694e+02 
  443.000    15.000  1.830831e+03  1.282794e+03  5.480364e+02 
  443.000    16.000  1.820533e+03  1.273712e+03  5.468220e+02 
  443.000    17.000  1.809591e+03  1.264066e+03  5.455253e+02 
  443.000    18.000  1.798007e+03  1.253862e+03  5.441458e+02 
  443.000    19.000  1.785786e+03  1.243103e+03  5.426823e+02 
  443.000    20.000  1.772930e+03  1.231796e+03  5.411340e+02 
  443.000    21.000  1.759445e+03  1.219945e+03  5.394999e+02 
  443.000    22.000  1.745334e+03  1.207556e+03  5.377787e+02 
  443.000    23.000  1.730603e+03  1.194634e+03  5.359695e+02 
  443.000    24.000  1.715256e+03  1.181185e+03  5.340708e+02 
  443.000    25.000  1.699298e+03  1.167217e+03  5.320812e+02 
  443.000    26.000  1.682735e+03  1.152735e+03  5.299993e+02 
  443.000    27.000  1.665571e+03  1.137747e+03  5.278235e+02 
  443.000    28.000  1.647812e+03  1.122260e+03  5.255522e+02 
  443.000    29.000  1.629466e+03  1.106282e+03  5.231835e+02 
  443.000    30.000  1.610536e+03  1.089821e+03  5.207155e+02 
  443.000    31.000  1.591031e+03  1.072885e+03  5.181461e+02 
  443.000    32.000  1.570956e+03  1.055483e+03  5.154734e+02 
  443.000    33.000  1.550318e+03  1.037624e+03  5.126949e+02 
  443.000    34.000  1.529125e+03  1.019317e+03  5.098083e+02 
  443.000    35.000  1.507384e+03  1.000573e+03  5.068112e+02 
  443.000    36.000  1.485102e+03  9.814016e+02  5.037008e+02 
  443.000    37.000  1.462288e+03  9.618136e+02  5.004744e+02 
  443.000    38.000  1.438949e+03  9.418204e+02  4.971290e+02 
  443.000    39.000  1.415095e+03  9.214335e+02  4.936615e+02 
  443.000    40.000  1.390734e+03  9.006650e+02  4.900687e+02 
  443.000    41.000  1.365875e+03  8.795276e+02  4.863472e+02 
  443.000    42.000  1.340528e+03  8.580346e+02  4.824934e+02 
  443.000    43.000  1.314703e+03  8.361996e+02  4.785036e+02 
  443.000    44.000  1.288411e+03  8.140372e+02  4.743738e+02 
  443.000    45.000  1.261662e+03  7.915623e+02  4.700999e+02 
  443.000    46.000  1.234468e+03  7.687906e+02  4.656776e+02 
  443.000    47.000  1.206841e+03  7.457386e+02  4.611021e+02 
  443.000    48.000  1.178792e+03  7.224235e+02  4.563688e+02 
  443.000    49.000  1.150336e+03  6.988633e+02  4.514725e+02 
  443.000    50.000  1.121485e+03  6.750772e+02  4.464078e+02 
  443.000    51.000  1.092254e+03  6.510850e+02  4.411690e+02 
  443.000    52.000  1.062658e+03  6.269078e+02  4.357502e+02 
  443.000    53.000  1.032713e+03  6.025676e+02  4.301450e+02 
  443.000    54.000  1.002434e+03  5.780879e+02  4.243464e+02 
  443.000    55.000  9.718409e+02  5.534936e+02  4.183473e+02 
  443.000    56.000  9.409507e+02  5.288107e+02  4.121400e+02 
  443.000    57.000  9.097834e+02  5.040674e+02  4.057161e+02 
  443.000    58.000  8.783598e+02  4.792930e+02  3.990668e+02 
  443.000    59.000  8.467019e+02  4.545194e+02  3.921826e+02 
  443.000    59.996  8.149497e+02  4.298702e+02  3.850794e+02 
  443.000    61.000  7.827791e+02  4.051119e+02  3.776671e+02 
  443.000    62.000  7.505660e+02  3.805531e+02  3.700129e+02 
  443.000    63.000  7.182228e+02  3.561455e+02  3.620773e+02 
  443.000    64.000  6.857805e+02  3.319344e+02  3.538462e+02 
  443.000    65.000  6.532725e+02  3.079682e+02  3.453043e+02 
  443.000    66.000  6.207345e+02  2.842997e+02  3.364348e+02 
  443.000    67.000  5.882056e+02  2.609860e+02  3.272195e+02 
  443.000    68.000  5.557281e+02  2.380892e+02  3.176389e+02 
  443.000    69.000  5.233484e+02  2.156770e+02  3.076714e+02 
  443.000    70.000  4.911168e+02  1.938230e+02  2.972938e+02 
  443.000    71.000  4.590886e+02  1.726075e+02  2.864811e+02 
  443.000    72.000  4.273243e+02  1.521180e+02  2.752063e+02 
  443.000    73.000  3.958909e+02  1.324500e+02  2.634410e+02 
  443.000    74.000  3.648621e+02  1.137069e+02  2.511552e+02 
  443.000    75.000  3.343190e+02  9.600082e+01  2.383182e+02 
  443.000    76.000  3.043512e+02  7.945160e+01  2.248996e+02 
  443.000    77.000  2.750571e+02  6.418623e+01  2.108709e+02 
  443.000    78.000  2.465443e+02  5.033635e+01  1.962080e+02 
  443.000    79.000  2.189295e+02  3.803392e+01  1.808956e+02 
  443.000    80.000  1.923364e+02  2.740367e+01  1.649327e+02 
  443.000    81.000  1.668933e+02  1.855099e+01  1.483423e+02 
  443.000    82.000  1.427262e+02  1.154291e+01  1.311833e+02 
  443.000    83.000  1.199479e+02  6.380435e+00  1.135675e+02 
  443.000    84.000  9.864117e+01  2.962056e+00  9.567911e+01 
  443.000    85.000  7.883524e+01  1.045175e+00  7.779006e+01 
  443.000    86.000  6.048448e+01  2.301402e-01  6.025434e+01 
  443.000    87.000  4.347122e+01  2.007639e-02  4.345115e+01 
  443.000    88.000  2.767208e+01  1.807542e-04  2.767190e+01 
  443.000    89.000  1.308185e+01  2.218891e-10  1.308185e+01 
