  510.000     0.000  1.448535e+03  1.128090e+03  3.204452e+02 
  510.000     1.000  1.448287e+03  1.127862e+03  3.204256e+02 
  510.000     2.000  1.447545e+03  1.127178e+03  3.203669e+02 
  510.000     3.000  1.446307e+03  1.126038e+03  3.202691e+02 
  510.000     4.000  1.444575e+03  1.124443e+03  3.201320e+02 
  510.000     5.000  1.442349e+03  1.122393e+03  3.199557e+02 
  510.000     6.000  1.439629e+03  1.119889e+03  3.197400e+02 
  510.000     7.000  1.436417e+03  1.116932e+03  3.194849e+02 
  510.000     8.000  1.432714e+03  1.113524e+03  3.191902e+02 
  510.000     9.000  1.428521e+03  1.109665e+03  3.188558e+02 
  510.000    10.000  1.423838e+03  1.105357e+03  3.184815e+02 
  510.000    11.000  1.418668e+03  1.100601e+03  3.180672e+02 
  510.000    12.000  1.413012e+03  1.095400e+03  3.176125e+02 
  510.000    13.000  1.406872e+03  1.089755e+03  3.171173e+02 
  510.000    14.000  1.400249e+03  1.083668e+03  3.165812e+02 
  510.000    15.000  1.393147e+03  1.077143e+03  3.160040e+02 
  510.000    16.000  1.385566e+03  1.070181e+03  3.153852e+02 
  510.000    17.000  1.377509e+03  1.062785e+03  3.147246e+02 
  510.000    18.000  1.368979e+03  1.054958e+03  3.140216e+02 
  510.000    19.000  1.359979e+03  1.046703e+03  3.132758e+02 
  510.000    20.000  1.350510e+03  1.038023e+03  3.124866e+02 
  510.000    21.000  1.340576e+03  1.028923e+03  3.116535e+02 
  510.000    22.000  1.330180e+03  1.019404e+03  3.107759e+02 
  510.000    23.000  1.319325e+03  1.009472e+03  3.098530e+02 
  510.000    24.000  1.308014e+03  9.991301e+02  3.088842e+02 
  510.000    25.000  1.296251e+03  9.883825e+02  3.078687e+02 
  510.000    26.000  1.284039e+03  9.772336e+02  3.068055e+02 
  510.000    27.000  1.271382e+03  9.656881e+02  3.056939e+02 
  510.000    28.000  1.258283e+03  9.537506e+02  3.045327e+02 
  510.000    29.000  1.244747e+03  9.414263e+02  3.033211e+02 
  510.000    30.000  1.230778e+03  9.287201e+02  3.020579e+02 
  510.000    31.000  1.216380e+03  9.156377e+02  3.007418e+02 
  510.000    32.000  1.201556e+03  9.021846e+02  2.993717e+02 
  510.000    33.000  1.186313e+03  8.883665e+02  2.979462e+02 
  510.000    34.000  1.170654e+03  8.741896e+02  2.964639e+02 
  510.000    35.000  1.154584e+03  8.596603e+02  2.949234e+02 
  510.000    36.000  1.138108e+03  8.447849e+02  2.933231e+02 
  510.000    37.000  1.121232e+03  8.295703e+02  2.916614e+02 
  510.000    38.000  1.103960e+03  8.140237e+02  2.899366e+02 
  510.000    39.000  1.086299e+03  7.981522e+02  2.881469e+02 
  510.000    40.000  1.068254e+03  7.819634e+02  2.862904e+02 
  510.000    41.000  1.049831e+03  7.654654e+02  2.843651e+02 
  510.000    42.000  1.031035e+03  7.486661e+02  2.823691e+02 
  510.000    43.000  1.011874e+03  7.315743e+02  2.803000e+02 
  510.000    44.000  9.923546e+02  7.141988e+02  2.781558e+02 
  510.000    45.000  9.724827e+02  6.965488e+02  2.759339e+02 
  510.000    46.000  9.522659e+02  6.786339e+02  2.736320e+02 
  510.000    47.000  9.317115e+02  6.604641e+02  2.712475e+02 
  510.000    48.000  9.108274e+02  6.420498e+02  2.687776e+02 
  510.000    49.000  8.896215e+02  6.234020e+02  2.662195e+02 
  510.000    50.000  8.681025e+02  6.045323e+02  2.635702e+02 
  510.000    51.000  8.462789e+02  5.854524e+02  2.608265e+02 
  510.000    52.000  8.241602e+02  5.661751e+02  2.579851e+02 
  510.000    53.000  8.017560e+02  5.467136e+02  2.550424e+02 
  510.000    54.000  7.790763e+02  5.270817e+02  2.519946e+02 
  510.000    55.000  7.561321e+02  5.072943e+02  2.488378e+02 
  510.000    56.000  7.329343e+02  4.873668e+02  2.455676e+02 
  510.000    57.000  7.094952e+02  4.673159e+02  2.421793e+02 
  510.000    58.000  6.858271e+02  4.471591e+02  2.386681e+02 
  510.000    59.000  6.619436e+02  4.269151e+02  2.350285e+02 
  510.000    59.996  6.379467e+02  4.066780e+02  2.312687e+02 
  510.000    61.000  6.135876e+02  3.862473e+02  2.273403e+02 
  510.000    62.000  5.891465e+02  3.658683e+02  2.232783e+02 
  510.000    63.000  5.645528e+02  3.454918e+02  2.190610e+02 
  510.000    64.000  5.398252e+02  3.251451e+02  2.146801e+02 
  510.000    65.000  5.149838e+02  3.048578e+02  2.101261e+02 
  510.000    66.000  4.900505e+02  2.846620e+02  2.053885e+02 
  510.000    67.000  4.650492e+02  2.645934e+02  2.004559e+02 
  510.000    68.000  4.400059e+02  2.446908e+02  1.953151e+02 
  510.000    69.000  4.149492e+02  2.249975e+02  1.899517e+02 
  510.000    70.000  3.899107e+02  2.055615e+02  1.843492e+02 
  510.000    71.000  3.649255e+02  1.864364e+02  1.784891e+02 
  510.000    72.000  3.400328e+02  1.676821e+02  1.723506e+02 
  510.000    73.000  3.152764e+02  1.493661e+02  1.659102e+02 
  510.000    74.000  2.907060e+02  1.315645e+02  1.591414e+02 
  510.000    75.000  2.663778e+02  1.143634e+02  1.520144e+02 
  510.000    76.000  2.423561e+02  9.786050e+01  1.444956e+02 
  510.000    77.000  2.187144e+02  8.216633e+01  1.365481e+02 
  510.000    78.000  1.955375e+02  6.740608e+01  1.281314e+02 
  510.000    79.000  1.729231e+02  5.372054e+01  1.192025e+02 
  510.000    80.000  1.509837e+02  4.126601e+01  1.097177e+02 
  510.000    81.000  1.298487e+02  3.021215e+01  9.963655e+01 
  510.000    82.000  1.096643e+02  2.073520e+01  8.892911e+01 
  510.000    83.000  9.059182e+01  1.300266e+01  7.758916e+01 
  510.000    84.000  7.279986e+01  7.142983e+00  6.565688e+01 
  510.000    85.000  5.644584e+01  3.190690e+00  5.325515e+01 
  510.000    86.000  4.164151e+01  1.000876e+00  4.064064e+01 
  510.000    87.000  2.840832e+01  1.575186e-01  2.825080e+01 
  510.000    88.000  1.669091e+01  4.617509e-03  1.668629e+01 
  510.000    89.000  6.667649e+00  1.957885e-07  6.667649e+00 
