  610.000     0.000  1.617441e+03  1.361201e+03  2.562397e+02 
  610.000     1.000  1.617167e+03  1.360942e+03  2.562250e+02 
  610.000     2.000  1.616345e+03  1.360164e+03  2.561808e+02 
  610.000     3.000  1.614975e+03  1.358868e+03  2.561071e+02 
  610.000     4.000  1.613058e+03  1.357054e+03  2.560040e+02 
  610.000     5.000  1.610594e+03  1.354723e+03  2.558712e+02 
  610.000     6.000  1.607585e+03  1.351876e+03  2.557089e+02 
  610.000     7.000  1.604030e+03  1.348513e+03  2.555168e+02 
  610.000     8.000  1.599932e+03  1.344637e+03  2.552950e+02 
  610.000     9.000  1.595291e+03  1.340247e+03  2.550433e+02 
  610.000    10.000  1.590108e+03  1.335347e+03  2.547615e+02 
  610.000    11.000  1.584386e+03  1.329937e+03  2.544496e+02 
  610.000    12.000  1.578126e+03  1.324019e+03  2.541073e+02 
  610.000    13.000  1.571330e+03  1.317596e+03  2.537345e+02 
  610.000    14.000  1.564000e+03  1.310669e+03  2.533309e+02 
  610.000    15.000  1.556138e+03  1.303242e+03  2.528962e+02 
  610.000    16.000  1.547747e+03  1.295317e+03  2.524303e+02 
  610.000    17.000  1.538829e+03  1.286896e+03  2.519327e+02 
  610.000    18.000  1.529387e+03  1.277984e+03  2.514031e+02 
  610.000    19.000  1.519423e+03  1.268582e+03  2.508411e+02 
  610.000    20.000  1.508941e+03  1.258695e+03  2.502463e+02 
  610.000    21.000  1.497943e+03  1.248325e+03  2.496182e+02 
  610.000    22.000  1.486433e+03  1.237477e+03  2.489563e+02 
  610.000    23.000  1.474415e+03  1.226155e+03  2.482599e+02 
  610.000    24.000  1.461891e+03  1.214362e+03  2.475285e+02 
  610.000    25.000  1.448866e+03  1.202104e+03  2.467615e+02 
  610.000    26.000  1.435343e+03  1.189385e+03  2.459580e+02 
  610.000    27.000  1.421325e+03  1.176208e+03  2.451173e+02 
  610.000    28.000  1.406819e+03  1.162580e+03  2.442385e+02 
  610.000    29.000  1.391826e+03  1.148505e+03  2.433209e+02 
  610.000    30.000  1.376353e+03  1.133989e+03  2.423633e+02 
  610.000    31.000  1.360402e+03  1.119038e+03  2.413649e+02 
  610.000    32.000  1.343980e+03  1.103656e+03  2.403244e+02 
  610.000    33.000  1.327091e+03  1.087850e+03  2.392409e+02 
  610.000    34.000  1.309739e+03  1.071626e+03  2.381131e+02 
  610.000    35.000  1.291931e+03  1.054991e+03  2.369397e+02 
  610.000    36.000  1.273670e+03  1.037950e+03  2.357194e+02 
  610.000    37.000  1.254963e+03  1.020512e+03  2.344507e+02 
  610.000    38.000  1.235815e+03  1.002683e+03  2.331324e+02 
  610.000    39.000  1.216232e+03  9.844695e+02  2.317629e+02 
  610.000    40.000  1.196221e+03  9.658801e+02  2.303405e+02 
  610.000    41.000  1.175786e+03  9.469226e+02  2.288636e+02 
  610.000    42.000  1.154935e+03  9.276048e+02  2.273305e+02 
  610.000    43.000  1.133675e+03  9.079352e+02  2.257393e+02 
  610.000    44.000  1.112011e+03  8.879225e+02  2.240884e+02 
  610.000    45.000  1.089951e+03  8.675757e+02  2.223756e+02 
  610.000    46.000  1.067503e+03  8.469043e+02  2.205990e+02 
  610.000    47.000  1.044674e+03  8.259177e+02  2.187565e+02 
  610.000    48.000  1.021472e+03  8.046263e+02  2.168459e+02 
  610.000    49.000  9.979052e+02  7.830403e+02  2.148649e+02 
  610.000    50.000  9.739820e+02  7.611709e+02  2.128111e+02 
  610.000    51.000  9.497112e+02  7.390292e+02  2.106820e+02 
  610.000    52.000  9.251025e+02  7.166274e+02  2.084751e+02 
  610.000    53.000  9.001651e+02  6.939776e+02  2.061875e+02 
  610.000    54.000  8.749094e+02  6.710930e+02  2.038163e+02 
  610.000    55.000  8.493459e+02  6.479874e+02  2.013585e+02 
  610.000    56.000  8.234858e+02  6.246750e+02  1.988107e+02 
  610.000    57.000  7.973407e+02  6.011713e+02  1.961695e+02 
  610.000    58.000  7.709230e+02  5.774921e+02  1.934309e+02 
  610.000    59.000  7.442458e+02  5.536548e+02  1.905910e+02 
  610.000    59.996  7.174212e+02  5.297650e+02  1.876562e+02 
  610.000    61.000  6.901686e+02  5.055798e+02  1.845888e+02 
  610.000    62.000  6.627991e+02  4.813827e+02  1.814164e+02 
  610.000    63.000  6.352306e+02  4.571086e+02  1.781221e+02 
  610.000    64.000  6.074814e+02  4.327821e+02  1.746993e+02 
  610.000    65.000  5.795707e+02  4.084299e+02  1.711408e+02 
  610.000    66.000  5.515194e+02  3.840811e+02  1.674384e+02 
  610.000    67.000  5.233504e+02  3.597676e+02  1.635828e+02 
  610.000    68.000  4.950885e+02  3.355250e+02  1.595635e+02 
  610.000    69.000  4.667614e+02  3.113926e+02  1.553688e+02 
  610.000    70.000  4.383994e+02  2.874146e+02  1.509848e+02 
  610.000    71.000  4.100364e+02  2.636404e+02  1.463960e+02 
  610.000    72.000  3.817106e+02  2.401264e+02  1.415842e+02 
  610.000    73.000  3.534653e+02  2.169368e+02  1.365285e+02 
  610.000    74.000  3.253500e+02  1.941452e+02  1.312048e+02 
  610.000    75.000  2.974216e+02  1.718369e+02  1.255847e+02 
  610.000    76.000  2.697463e+02  1.501110e+02  1.196353e+02 
  610.000    77.000  2.424021e+02  1.290837e+02  1.133184e+02 
  610.000    78.000  2.154812e+02  1.088916e+02  1.065895e+02 
  610.000    79.000  1.890941e+02  8.969642e+01  9.939770e+01 
  610.000    80.000  1.633744e+02  7.168928e+01  9.168513e+01 
  610.000    81.000  1.384845e+02  5.509605e+01  8.338845e+01 
  610.000    82.000  1.146232e+02  4.018076e+01  7.444248e+01 
  610.000    83.000  9.203390e+01  2.724431e+01  6.478959e+01 
  610.000    84.000  7.101191e+01  1.661119e+01  5.440072e+01 
  610.000    85.000  5.190682e+01  8.586832e+00  4.331999e+01 
  610.000    86.000  3.510895e+01  3.353656e+00  3.175530e+01 
  610.000    87.000  2.100716e+01  7.606488e-01  2.024651e+01 
  610.000    88.000  9.956685e+00  4.632185e-02  9.910363e+00 
  610.000    89.000  2.603562e+00  1.761717e-05  2.603545e+00 
