  625.000     0.000  1.603587e+03  1.361051e+03  2.425360e+02 
  625.000     1.000  1.603316e+03  1.360794e+03  2.425223e+02 
  625.000     2.000  1.602504e+03  1.360023e+03  2.424813e+02 
  625.000     3.000  1.601151e+03  1.358738e+03  2.424128e+02 
  625.000     4.000  1.599258e+03  1.356941e+03  2.423170e+02 
  625.000     5.000  1.596824e+03  1.354631e+03  2.421937e+02 
  625.000     6.000  1.593852e+03  1.351809e+03  2.420428e+02 
  625.000     7.000  1.590341e+03  1.348476e+03  2.418644e+02 
  625.000     8.000  1.586292e+03  1.344634e+03  2.416582e+02 
  625.000     9.000  1.581708e+03  1.340284e+03  2.414243e+02 
  625.000    10.000  1.576589e+03  1.335427e+03  2.411625e+02 
  625.000    11.000  1.570937e+03  1.330065e+03  2.408726e+02 
  625.000    12.000  1.564754e+03  1.324199e+03  2.405545e+02 
  625.000    13.000  1.558041e+03  1.317833e+03  2.402079e+02 
  625.000    14.000  1.550801e+03  1.310968e+03  2.398327e+02 
  625.000    15.000  1.543035e+03  1.303606e+03  2.394285e+02 
  625.000    16.000  1.534746e+03  1.295751e+03  2.389953e+02 
  625.000    17.000  1.525936e+03  1.287404e+03  2.385325e+02 
  625.000    18.000  1.516609e+03  1.278569e+03  2.380399e+02 
  625.000    19.000  1.506767e+03  1.269250e+03  2.375171e+02 
  625.000    20.000  1.496412e+03  1.259448e+03  2.369637e+02 
  625.000    21.000  1.485548e+03  1.249169e+03  2.363792e+02 
  625.000    22.000  1.474177e+03  1.238414e+03  2.357631e+02 
  625.000    23.000  1.462305e+03  1.227190e+03  2.351149e+02 
  625.000    24.000  1.449932e+03  1.215498e+03  2.344339e+02 
  625.000    25.000  1.437064e+03  1.203345e+03  2.337197e+02 
  625.000    26.000  1.423705e+03  1.190733e+03  2.329713e+02 
  625.000    27.000  1.409857e+03  1.177669e+03  2.321882e+02 
  625.000    28.000  1.395525e+03  1.164155e+03  2.313695e+02 
  625.000    29.000  1.380713e+03  1.150199e+03  2.305144e+02 
  625.000    30.000  1.365425e+03  1.135803e+03  2.296219e+02 
  625.000    31.000  1.349667e+03  1.120976e+03  2.286912e+02 
  625.000    32.000  1.333442e+03  1.105720e+03  2.277212e+02 
  625.000    33.000  1.316755e+03  1.090044e+03  2.267108e+02 
  625.000    34.000  1.299610e+03  1.073951e+03  2.256590e+02 
  625.000    35.000  1.282015e+03  1.057450e+03  2.245645e+02 
  625.000    36.000  1.263972e+03  1.040546e+03  2.234261e+02 
  625.000    37.000  1.245488e+03  1.023245e+03  2.222424e+02 
  625.000    38.000  1.226568e+03  1.005556e+03  2.210123e+02 
  625.000    39.000  1.207218e+03  9.874839e+02  2.197341e+02 
  625.000    40.000  1.187444e+03  9.690373e+02  2.184065e+02 
  625.000    41.000  1.167252e+03  9.502236e+02  2.170280e+02 
  625.000    42.000  1.146647e+03  9.310504e+02  2.155968e+02 
  625.000    43.000  1.125638e+03  9.115262e+02  2.141114e+02 
  625.000    44.000  1.104229e+03  8.916592e+02  2.125701e+02 
  625.000    45.000  1.082429e+03  8.714584e+02  2.109710e+02 
  625.000    46.000  1.060245e+03  8.509326e+02  2.093123e+02 
  625.000    47.000  1.037683e+03  8.300912e+02  2.075921e+02 
  625.000    48.000  1.014752e+03  8.089441e+02  2.058083e+02 
  625.000    49.000  9.914602e+02  7.875013e+02  2.039589e+02 
  625.000    50.000  9.678152e+02  7.657735e+02  2.020417e+02 
  625.000    51.000  9.438258e+02  7.437714e+02  2.000544e+02 
  625.000    52.000  9.195013e+02  7.215067e+02  1.979946e+02 
  625.000    53.000  8.948511e+02  6.989913e+02  1.958598e+02 
  625.000    54.000  8.698849e+02  6.762375e+02  1.936473e+02 
  625.000    55.000  8.446133e+02  6.532589e+02  1.913544e+02 
  625.000    56.000  8.190470e+02  6.300689e+02  1.889781e+02 
  625.000    57.000  7.931974e+02  6.066824e+02  1.865151e+02 
  625.000    58.000  7.670766e+02  5.831146e+02  1.839620e+02 
  625.000    59.000  7.406971e+02  5.593820e+02  1.813151e+02 
  625.000    59.996  7.141698e+02  5.355892e+02  1.785806e+02 
  625.000    61.000  6.872167e+02  5.114933e+02  1.757234e+02 
  625.000    62.000  6.601452e+02  4.873758e+02  1.727694e+02 
  625.000    63.000  6.328738e+02  4.631710e+02  1.697029e+02 
  625.000    64.000  6.054203e+02  4.389023e+02  1.665180e+02 
  625.000    65.000  5.778030e+02  4.145949e+02  1.632081e+02 
  625.000    66.000  5.500424e+02  3.902767e+02  1.597657e+02 
  625.000    67.000  5.221602e+02  3.659779e+02  1.561822e+02 
  625.000    68.000  4.941807e+02  3.417325e+02  1.524482e+02 
  625.000    69.000  4.661302e+02  3.175777e+02  1.485525e+02 
  625.000    70.000  4.380382e+02  2.935556e+02  1.444827e+02 
  625.000    71.000  4.099373e+02  2.697133e+02  1.402240e+02 
  625.000    72.000  3.818643e+02  2.461046e+02  1.357598e+02 
  625.000    73.000  3.538608e+02  2.227905e+02  1.310703e+02 
  625.000    74.000  3.259747e+02  1.998419e+02  1.261328e+02 
  625.000    75.000  2.982607e+02  1.773402e+02  1.209205e+02 
  625.000    76.000  2.707830e+02  1.553810e+02  1.154019e+02 
  625.000    77.000  2.436168e+02  1.340766e+02  1.095402e+02 
  625.000    78.000  2.168518e+02  1.135596e+02  1.032922e+02 
  625.000    79.000  1.905955e+02  9.398807e+01  9.660747e+01 
  625.000    80.000  1.649782e+02  7.555037e+01  8.942783e+01 
  625.000    81.000  1.401590e+02  5.847134e+01  8.168768e+01 
  625.000    82.000  1.163338e+02  4.301742e+01  7.331642e+01 
  625.000    83.000  9.374359e+01  2.949826e+01  6.424532e+01 
  625.000    84.000  7.268265e+01  1.825795e+01  5.442470e+01 
  625.000    85.000  5.350120e+01  9.639023e+00  4.386218e+01 
  625.000    86.000  3.658990e+01  3.885514e+00  3.270438e+01 
  625.000    87.000  2.232541e+01  9.289809e-01  2.139643e+01 
  625.000    88.000  1.099465e+01  6.286481e-02  1.093178e+01 
  625.000    89.000  3.073431e+00  3.280826e-05  3.073398e+00 
