  665.000     0.000  1.468204e+03  1.268909e+03  1.992953e+02 
  665.000     1.000  1.467964e+03  1.268679e+03  1.992851e+02 
  665.000     2.000  1.467242e+03  1.267987e+03  1.992544e+02 
  665.000     3.000  1.466039e+03  1.266835e+03  1.992033e+02 
  665.000     4.000  1.464355e+03  1.265223e+03  1.991317e+02 
  665.000     5.000  1.462191e+03  1.263152e+03  1.990396e+02 
  665.000     6.000  1.459548e+03  1.260621e+03  1.989270e+02 
  665.000     7.000  1.456426e+03  1.257632e+03  1.987937e+02 
  665.000     8.000  1.452826e+03  1.254186e+03  1.986399e+02 
  665.000     9.000  1.448749e+03  1.250284e+03  1.984653e+02 
  665.000    10.000  1.444197e+03  1.245927e+03  1.982700e+02 
  665.000    11.000  1.439171e+03  1.241117e+03  1.980537e+02 
  665.000    12.000  1.433673e+03  1.235856e+03  1.978165e+02 
  665.000    13.000  1.427703e+03  1.230145e+03  1.975581e+02 
  665.000    14.000  1.421264e+03  1.223985e+03  1.972784e+02 
  665.000    15.000  1.414357e+03  1.217380e+03  1.969773e+02 
  665.000    16.000  1.406986e+03  1.210331e+03  1.966546e+02 
  665.000    17.000  1.399151e+03  1.202841e+03  1.963100e+02 
  665.000    18.000  1.390856e+03  1.194913e+03  1.959433e+02 
  665.000    19.000  1.382102e+03  1.186548e+03  1.955542e+02 
  665.000    20.000  1.372892e+03  1.177750e+03  1.951424e+02 
  665.000    21.000  1.363229e+03  1.168521e+03  1.947076e+02 
  665.000    22.000  1.353116e+03  1.158866e+03  1.942495e+02 
  665.000    23.000  1.342555e+03  1.148787e+03  1.937675e+02 
  665.000    24.000  1.331549e+03  1.138288e+03  1.932613e+02 
  665.000    25.000  1.320102e+03  1.127372e+03  1.927304e+02 
  665.000    26.000  1.308217e+03  1.116043e+03  1.921743e+02 
  665.000    27.000  1.295897e+03  1.104305e+03  1.915923e+02 
  665.000    28.000  1.283146e+03  1.092162e+03  1.909840e+02 
  665.000    29.000  1.269967e+03  1.079618e+03  1.903486e+02 
  665.000    30.000  1.256364e+03  1.066678e+03  1.896855e+02 
  665.000    31.000  1.242341e+03  1.053347e+03  1.889939e+02 
  665.000    32.000  1.227901e+03  1.039628e+03  1.882730e+02 
  665.000    33.000  1.213049e+03  1.025527e+03  1.875221e+02 
  665.000    34.000  1.197790e+03  1.011049e+03  1.867402e+02 
  665.000    35.000  1.182126e+03  9.961998e+02  1.859265e+02 
  665.000    36.000  1.166064e+03  9.809836e+02  1.850800e+02 
  665.000    37.000  1.149606e+03  9.654064e+02  1.841996e+02 
  665.000    38.000  1.132759e+03  9.494742e+02  1.832844e+02 
  665.000    39.000  1.115526e+03  9.331927e+02  1.823332e+02 
  665.000    40.000  1.097913e+03  9.165679e+02  1.813449e+02 
  665.000    41.000  1.079925e+03  8.996064e+02  1.803183e+02 
  665.000    42.000  1.061567e+03  8.823145e+02  1.792522e+02 
  665.000    43.000  1.042844e+03  8.646989e+02  1.781453e+02 
  665.000    44.000  1.023763e+03  8.467666e+02  1.769962e+02 
  665.000    45.000  1.004328e+03  8.285245e+02  1.758037e+02 
  665.000    46.000  9.845466e+02  8.099804e+02  1.745663e+02 
  665.000    47.000  9.644238e+02  7.911414e+02  1.732824e+02 
  665.000    48.000  9.439665e+02  7.720157e+02  1.719507e+02 
  665.000    49.000  9.231808e+02  7.526113e+02  1.705696e+02 
  665.000    50.000  9.020739e+02  7.329366e+02  1.691373e+02 
  665.000    51.000  8.806525e+02  7.130002e+02  1.676523e+02 
  665.000    52.000  8.589241e+02  6.928115e+02  1.661126e+02 
  665.000    53.000  8.368961e+02  6.723796e+02  1.645165e+02 
  665.000    54.000  8.145764e+02  6.517144e+02  1.628620e+02 
  665.000    55.000  7.919732e+02  6.308261e+02  1.611471e+02 
  665.000    56.000  7.690950e+02  6.097255e+02  1.593695e+02 
  665.000    57.000  7.459507e+02  5.884238e+02  1.575270e+02 
  665.000    58.000  7.225496e+02  5.669326e+02  1.556170e+02 
  665.000    59.000  6.989014e+02  5.452645e+02  1.536368e+02 
  665.000    59.996  6.751037e+02  5.235125e+02  1.515912e+02 
  665.000    61.000  6.509053e+02  5.014512e+02  1.494542e+02 
  665.000    62.000  6.265797e+02  4.793347e+02  1.472449e+02 
  665.000    63.000  6.020515e+02  4.570994e+02  1.449521e+02 
  665.000    64.000  5.773336e+02  4.347624e+02  1.425712e+02 
  665.000    65.000  5.524398e+02  4.123423e+02  1.400975e+02 
  665.000    66.000  5.273848e+02  3.898594e+02  1.375254e+02 
  665.000    67.000  5.021845e+02  3.673359e+02  1.348487e+02 
  665.000    68.000  4.768563e+02  3.447962e+02  1.320600e+02 
  665.000    69.000  4.514190e+02  3.222677e+02  1.291513e+02 
  665.000    70.000  4.258933e+02  2.997806e+02  1.261127e+02 
  665.000    71.000  4.003024e+02  2.773694e+02  1.229330e+02 
  665.000    72.000  3.746719e+02  2.550731e+02  1.195988e+02 
  665.000    73.000  3.490310e+02  2.329364e+02  1.160946e+02 
  665.000    74.000  3.234130e+02  2.110114e+02  1.124016e+02 
  665.000    75.000  2.978561e+02  1.893587e+02  1.084975e+02 
  665.000    76.000  2.724052e+02  1.680501e+02  1.043551e+02 
  665.000    77.000  2.471131e+02  1.471713e+02  9.994178e+01 
  665.000    78.000  2.220433e+02  1.268257e+02  9.521769e+01 
  665.000    79.000  1.972732e+02  1.071392e+02  9.013400e+01 
  665.000    80.000  1.728977e+02  8.826691e+01  8.463077e+01 
  665.000    81.000  1.490359e+02  7.040150e+01  7.863445e+01 
  665.000    82.000  1.258390e+02  5.378365e+01  7.205539e+01 
  665.000    83.000  1.035006e+02  3.871419e+01  6.478645e+01 
  665.000    84.000  8.227077e+01  2.556507e+01  5.670570e+01 
  665.000    85.000  6.247010e+01  1.477881e+01  4.769128e+01 
  665.000    86.000  4.449591e+01  6.827075e+00  3.766883e+01 
  665.000    87.000  2.878979e+01  2.048967e+00  2.674082e+01 
  665.000    88.000  1.570414e+01  2.186094e-01  1.548553e+01 
  665.000    89.000  5.420816e+00  4.480990e-04  5.420368e+00 
