  694.000     0.000  1.303600e+03  1.145933e+03  1.576670e+02 
  694.000     1.000  1.303380e+03  1.145721e+03  1.576587e+02 
  694.000     2.000  1.302718e+03  1.145084e+03  1.576337e+02 
  694.000     3.000  1.301615e+03  1.144022e+03  1.575922e+02 
  694.000     4.000  1.300071e+03  1.142537e+03  1.575339e+02 
  694.000     5.000  1.298087e+03  1.140628e+03  1.574590e+02 
  694.000     6.000  1.295664e+03  1.138297e+03  1.573673e+02 
  694.000     7.000  1.292802e+03  1.135543e+03  1.572588e+02 
  694.000     8.000  1.289502e+03  1.132368e+03  1.571335e+02 
  694.000     9.000  1.285765e+03  1.128774e+03  1.569912e+02 
  694.000    10.000  1.281592e+03  1.124760e+03  1.568318e+02 
  694.000    11.000  1.276985e+03  1.120330e+03  1.566552e+02 
  694.000    12.000  1.271945e+03  1.115484e+03  1.564613e+02 
  694.000    13.000  1.266474e+03  1.110224e+03  1.562500e+02 
  694.000    14.000  1.260574e+03  1.104552e+03  1.560211e+02 
  694.000    15.000  1.254245e+03  1.098471e+03  1.557744e+02 
  694.000    16.000  1.247491e+03  1.091981e+03  1.555098e+02 
  694.000    17.000  1.240313e+03  1.085086e+03  1.552269e+02 
  694.000    18.000  1.232714e+03  1.077789e+03  1.549256e+02 
  694.000    19.000  1.224696e+03  1.070090e+03  1.546056e+02 
  694.000    20.000  1.216261e+03  1.061995e+03  1.542667e+02 
  694.000    21.000  1.207413e+03  1.053505e+03  1.539084e+02 
  694.000    22.000  1.198154e+03  1.044623e+03  1.535306e+02 
  694.000    23.000  1.188486e+03  1.035353e+03  1.531328e+02 
  694.000    24.000  1.178413e+03  1.025698e+03  1.527146e+02 
  694.000    25.000  1.167938e+03  1.015663e+03  1.522757e+02 
  694.000    26.000  1.157065e+03  1.005249e+03  1.518156e+02 
  694.000    27.000  1.145796e+03  9.944621e+02  1.513338e+02 
  694.000    28.000  1.134135e+03  9.833052e+02  1.508299e+02 
  694.000    29.000  1.122087e+03  9.717831e+02  1.503034e+02 
  694.000    30.000  1.109653e+03  9.598998e+02  1.497536e+02 
  694.000    31.000  1.096840e+03  9.476599e+02  1.491801e+02 
  694.000    32.000  1.083650e+03  9.350681e+02  1.485822e+02 
  694.000    33.000  1.070088e+03  9.221290e+02  1.479593e+02 
  694.000    34.000  1.056159e+03  9.088480e+02  1.473107e+02 
  694.000    35.000  1.041866e+03  8.952300e+02  1.466357e+02 
  694.000    36.000  1.027214e+03  8.812804e+02  1.459336e+02 
  694.000    37.000  1.012208e+03  8.670046e+02  1.452038e+02 
  694.000    38.000  9.968539e+02  8.524086e+02  1.444453e+02 
  694.000    39.000  9.811554e+02  8.374979e+02  1.436575e+02 
  694.000    40.000  9.651182e+02  8.222788e+02  1.428394e+02 
  694.000    41.000  9.487479e+02  8.067576e+02  1.419902e+02 
  694.000    42.000  9.320498e+02  7.909406e+02  1.411092e+02 
  694.000    43.000  9.150299e+02  7.748347e+02  1.401953e+02 
  694.000    44.000  8.976941e+02  7.584465e+02  1.392476e+02 
  694.000    45.000  8.800472e+02  7.417823e+02  1.382650e+02 
  694.000    46.000  8.620981e+02  7.248513e+02  1.372468e+02 
  694.000    47.000  8.438519e+02  7.076600e+02  1.361920e+02 
  694.000    48.000  8.253157e+02  6.902164e+02  1.350993e+02 
  694.000    49.000  8.064963e+02  6.725286e+02  1.339677e+02 
  694.000    50.000  7.874013e+02  6.546050e+02  1.327962e+02 
  694.000    51.000  7.680380e+02  6.364544e+02  1.315836e+02 
  694.000    52.000  7.484144e+02  6.180859e+02  1.303286e+02 
  694.000    53.000  7.285386e+02  5.995087e+02  1.290300e+02 
  694.000    54.000  7.084191e+02  5.807327e+02  1.276864e+02 
  694.000    55.000  6.880647e+02  5.617682e+02  1.262965e+02 
  694.000    56.000  6.674846e+02  5.426259e+02  1.248587e+02 
  694.000    57.000  6.466885e+02  5.233170e+02  1.233716e+02 
  694.000    58.000  6.256863e+02  5.038531e+02  1.218333e+02 
  694.000    59.000  6.044888e+02  4.842468e+02  1.202421e+02 
  694.000    59.996  5.831851e+02  4.645832e+02  1.186020e+02 
  694.000    61.000  5.615525e+02  4.446599e+02  1.168925e+02 
  694.000    62.000  5.398377e+02  4.247081e+02  1.151296e+02 
  694.000    63.000  5.179757e+02  4.046713e+02  1.133045e+02 
  694.000    64.000  4.959805e+02  3.845664e+02  1.114140e+02 
  694.000    65.000  4.738668e+02  3.644119e+02  1.094549e+02 
  694.000    66.000  4.516505e+02  3.442273e+02  1.074232e+02 
  694.000    67.000  4.293490e+02  3.240344e+02  1.053146e+02 
  694.000    68.000  4.069806e+02  3.038566e+02  1.031240e+02 
  694.000    69.000  3.845656e+02  2.837201e+02  1.008455e+02 
  694.000    70.000  3.621261e+02  2.636539e+02  9.847221e+01 
  694.000    71.000  3.396865e+02  2.436903e+02  9.599624e+01 
  694.000    72.000  3.172740e+02  2.238658e+02  9.340813e+01 
  694.000    73.000  2.949189e+02  2.042222e+02  9.069673e+01 
  694.000    74.000  2.726558e+02  1.848070e+02  8.784879e+01 
  694.000    75.000  2.505238e+02  1.656754e+02  8.484840e+01 
  694.000    76.000  2.285685e+02  1.468920e+02  8.167646e+01 
  694.000    77.000  2.068425e+02  1.285326e+02  7.830984e+01 
  694.000    78.000  1.854085e+02  1.106881e+02  7.472045e+01 
  694.000    79.000  1.643416e+02  9.346750e+01  7.087410e+01 
  694.000    80.000  1.437324e+02  7.700339e+01  6.672904e+01 
  694.000    81.000  1.236927e+02  6.145826e+01  6.223447e+01 
  694.000    82.000  1.043614e+02  4.703247e+01  5.732896e+01 
  694.000    83.000  8.591270e+01  3.397322e+01  5.193948e+01 
  694.000    84.000  6.856445e+01  2.258246e+01  4.598199e+01 
  694.000    85.000  5.258289e+01  1.321615e+01  3.936673e+01 
  694.000    86.000  3.827011e+01  6.253203e+00  3.201691e+01 
  694.000    87.000  2.589896e+01  1.975591e+00  2.392337e+01 
  694.000    88.000  1.551163e+01  2.407354e-01  1.527089e+01 
  694.000    89.000  6.600116e+00  8.359181e-04  6.599280e+00 
