  750.000     0.000  1.266881e+03  1.125014e+03  1.418673e+02 
  750.000     1.000  1.266679e+03  1.124818e+03  1.418607e+02 
  750.000     2.000  1.266071e+03  1.124230e+03  1.418408e+02 
  750.000     3.000  1.265058e+03  1.123250e+03  1.418076e+02 
  750.000     4.000  1.263640e+03  1.121879e+03  1.417612e+02 
  750.000     5.000  1.261818e+03  1.120117e+03  1.417014e+02 
  750.000     6.000  1.259593e+03  1.117964e+03  1.416284e+02 
  750.000     7.000  1.256964e+03  1.115422e+03  1.415420e+02 
  750.000     8.000  1.253933e+03  1.112491e+03  1.414422e+02 
  750.000     9.000  1.250500e+03  1.109171e+03  1.413290e+02 
  750.000    10.000  1.246667e+03  1.105465e+03  1.412024e+02 
  750.000    11.000  1.242436e+03  1.101373e+03  1.410622e+02 
  750.000    12.000  1.237806e+03  1.096897e+03  1.409085e+02 
  750.000    13.000  1.232779e+03  1.092038e+03  1.407411e+02 
  750.000    14.000  1.227357e+03  1.086797e+03  1.405600e+02 
  750.000    15.000  1.221542e+03  1.081177e+03  1.403651e+02 
  750.000    16.000  1.215334e+03  1.075178e+03  1.401561e+02 
  750.000    17.000  1.208737e+03  1.068804e+03  1.399331e+02 
  750.000    18.000  1.201752e+03  1.062056e+03  1.396958e+02 
  750.000    19.000  1.194380e+03  1.054936e+03  1.394440e+02 
  750.000    20.000  1.186625e+03  1.047447e+03  1.391777e+02 
  750.000    21.000  1.178488e+03  1.039591e+03  1.388964e+02 
  750.000    22.000  1.169971e+03  1.031371e+03  1.386001e+02 
  750.000    23.000  1.161077e+03  1.022788e+03  1.382884e+02 
  750.000    24.000  1.151808e+03  1.013847e+03  1.379611e+02 
  750.000    25.000  1.142168e+03  1.004551e+03  1.376178e+02 
  750.000    26.000  1.132159e+03  9.949006e+02  1.372581e+02 
  750.000    27.000  1.121783e+03  9.849010e+02  1.368817e+02 
  750.000    28.000  1.111043e+03  9.745549e+02  1.364883e+02 
  750.000    29.000  1.099943e+03  9.638659e+02  1.360772e+02 
  750.000    30.000  1.088486e+03  9.528373e+02  1.356482e+02 
  750.000    31.000  1.076674e+03  9.414731e+02  1.352006e+02 
  750.000    32.000  1.064511e+03  9.297767e+02  1.347340e+02 
  750.000    33.000  1.052000e+03  9.177523e+02  1.342478e+02 
  750.000    34.000  1.039145e+03  9.054039e+02  1.337413e+02 
  750.000    35.000  1.025950e+03  8.927357e+02  1.332141e+02 
  750.000    36.000  1.012417e+03  8.797517e+02  1.326653e+02 
  750.000    37.000  9.985510e+02  8.664566e+02  1.320944e+02 
  750.000    38.000  9.843557e+02  8.528550e+02  1.315007e+02 
  750.000    39.000  9.698347e+02  8.389514e+02  1.308833e+02 
  750.000    40.000  9.549922e+02  8.247507e+02  1.302415e+02 
  750.000    41.000  9.398325e+02  8.102579e+02  1.295746e+02 
  750.000    42.000  9.243595e+02  7.954778e+02  1.288817e+02 
  750.000    43.000  9.085780e+02  7.804161e+02  1.281619e+02 
  750.000    44.000  8.924923e+02  7.650779e+02  1.274145e+02 
  750.000    45.000  8.761071e+02  7.494687e+02  1.266384e+02 
  750.000    46.000  8.594271e+02  7.335943e+02  1.258328e+02 
  750.000    47.000  8.424571e+02  7.174604e+02  1.249967e+02 
  750.000    48.000  8.252023e+02  7.010731e+02  1.241292e+02 
  750.000    49.000  8.076677e+02  6.844385e+02  1.232292e+02 
  750.000    50.000  7.898588e+02  6.675630e+02  1.222957e+02 
  750.000    51.000  7.717809e+02  6.504532e+02  1.213278e+02 
  750.000    52.000  7.534399e+02  6.331158e+02  1.203241e+02 
  750.000    53.000  7.348415e+02  6.155577e+02  1.192838e+02 
  750.000    54.000  7.159917e+02  5.977863e+02  1.182054e+02 
  750.000    55.000  6.968969e+02  5.798089e+02  1.170880e+02 
  750.000    56.000  6.775632e+02  5.616332e+02  1.159300e+02 
  750.000    57.000  6.579979e+02  5.432676e+02  1.147303e+02 
  750.000    58.000  6.382075e+02  5.247202e+02  1.134873e+02 
  750.000    59.000  6.181992e+02  5.059997e+02  1.121995e+02 
  750.000    59.996  5.980547e+02  4.871845e+02  1.108703e+02 
  750.000    61.000  5.775601e+02  4.680771e+02  1.094829e+02 
  750.000    62.000  5.569452e+02  4.488949e+02  1.080502e+02 
  750.000    63.000  5.361447e+02  4.295796e+02  1.065652e+02 
  750.000    64.000  5.151679e+02  4.101427e+02  1.050252e+02 
  750.000    65.000  4.940243e+02  3.905966e+02  1.034277e+02 
  750.000    66.000  4.727241e+02  3.709545e+02  1.017695e+02 
  750.000    67.000  4.512781e+02  3.512311e+02  1.000470e+02 
  750.000    68.000  4.296981e+02  3.314419e+02  9.825613e+01 
  750.000    69.000  4.079966e+02  3.116045e+02  9.639202e+01 
  750.000    70.000  3.861873e+02  2.917383e+02  9.444904e+01 
  750.000    71.000  3.642852e+02  2.718647e+02  9.242052e+01 
  750.000    72.000  3.423070e+02  2.520086e+02  9.029845e+01 
  750.000    73.000  3.202712e+02  2.321980e+02  8.807328e+01 
  750.000    74.000  2.981990e+02  2.124657e+02  8.573338e+01 
  750.000    75.000  2.761145e+02  1.928500e+02  8.326452e+01 
  750.000    76.000  2.540458e+02  1.733966e+02  8.064921e+01 
  750.000    77.000  2.320261e+02  1.541605e+02  7.786562e+01 
  750.000    78.000  2.100956e+02  1.352092e+02  7.488639e+01 
  750.000    79.000  1.883033e+02  1.166265e+02  7.167672e+01 
  750.000    80.000  1.667105e+02  9.851850e+01  6.819202e+01 
  750.000    81.000  1.453958e+02  8.102144e+01  6.437441e+01 
  750.000    82.000  1.244618e+02  6.431368e+01  6.014812e+01 
  750.000    83.000  1.040453e+02  4.863226e+01  5.541309e+01 
  750.000    84.000  8.433361e+01  3.429649e+01  5.003712e+01 
  750.000    85.000  6.558638e+01  2.173816e+01  4.384821e+01 
  750.000    86.000  4.816526e+01  1.152918e+01  3.663609e+01 
  750.000    87.000  3.255239e+01  4.355716e+00  2.819667e+01 
  750.000    88.000  1.926787e+01  7.362860e-01  1.853158e+01 
  750.000    89.000  8.400013e+00  5.996227e-03  8.394016e+00 
