  765.000     0.000  8.362766e+02  7.522369e+02  8.403967e+01 
  765.000     1.000  8.361159e+02  7.520825e+02  8.403347e+01 
  765.000     2.000  8.356342e+02  7.516193e+02  8.401490e+01 
  765.000     3.000  8.348315e+02  7.508476e+02  8.398392e+01 
  765.000     4.000  8.337083e+02  7.497678e+02  8.394053e+01 
  765.000     5.000  8.322648e+02  7.483801e+02  8.388468e+01 
  765.000     6.000  8.305017e+02  7.466854e+02  8.381632e+01 
  765.000     7.000  8.284197e+02  7.446843e+02  8.373542e+01 
  765.000     8.000  8.260198e+02  7.423779e+02  8.364190e+01 
  765.000     9.000  8.233027e+02  7.397670e+02  8.353568e+01 
  765.000    10.000  8.202697e+02  7.368530e+02  8.341669e+01 
  765.000    11.000  8.169220e+02  7.336371e+02  8.328484e+01 
  765.000    12.000  8.132609e+02  7.301208e+02  8.314000e+01 
  765.000    13.000  8.092877e+02  7.263057e+02  8.298207e+01 
  765.000    14.000  8.050045e+02  7.221935e+02  8.281094e+01 
  765.000    15.000  8.004126e+02  7.177861e+02  8.262646e+01 
  765.000    16.000  7.955140e+02  7.130856e+02  8.242847e+01 
  765.000    17.000  7.903109e+02  7.080941e+02  8.221683e+01 
  765.000    18.000  7.848052e+02  7.028139e+02  8.199135e+01 
  765.000    19.000  7.789993e+02  6.972474e+02  8.175187e+01 
  765.000    20.000  7.728956e+02  6.913974e+02  8.149821e+01 
  765.000    21.000  7.664966e+02  6.852664e+02  8.123013e+01 
  765.000    22.000  7.598049e+02  6.788575e+02  8.094748e+01 
  765.000    23.000  7.528236e+02  6.721736e+02  8.064999e+01 
  765.000    24.000  7.455552e+02  6.652177e+02  8.033745e+01 
  765.000    25.000  7.380032e+02  6.579935e+02  8.000962e+01 
  765.000    26.000  7.301706e+02  6.505043e+02  7.966624e+01 
  765.000    27.000  7.220608e+02  6.427537e+02  7.930709e+01 
  765.000    28.000  7.136774e+02  6.347455e+02  7.893185e+01 
  765.000    29.000  7.050239e+02  6.264836e+02  7.854031e+01 
  765.000    30.000  6.961044e+02  6.179722e+02  7.813215e+01 
  765.000    31.000  6.869226e+02  6.092155e+02  7.770710e+01 
  765.000    32.000  6.774827e+02  6.002178e+02  7.726487e+01 
  765.000    33.000  6.677890e+02  5.909838e+02  7.680516e+01 
  765.000    34.000  6.578459e+02  5.815182e+02  7.632768e+01 
  765.000    35.000  6.476581e+02  5.718260e+02  7.583212e+01 
  765.000    36.000  6.372302e+02  5.619120e+02  7.531819e+01 
  765.000    37.000  6.265673e+02  5.517817e+02  7.478557e+01 
  765.000    38.000  6.156745e+02  5.414406e+02  7.423395e+01 
  765.000    39.000  6.045571e+02  5.308940e+02  7.366302e+01 
  765.000    40.000  5.932205e+02  5.201480e+02  7.307249e+01 
  765.000    41.000  5.816706e+02  5.092086e+02  7.246202e+01 
  765.000    42.000  5.699132e+02  4.980819e+02  7.183131e+01 
  765.000    43.000  5.579544e+02  4.867744e+02  7.118005e+01 
  765.000    44.000  5.458007e+02  4.752927e+02  7.050793e+01 
  765.000    45.000  5.334583e+02  4.636437e+02  6.981463e+01 
  765.000    46.000  5.209344e+02  4.518346e+02  6.909984e+01 
  765.000    47.000  5.082358e+02  4.398726e+02  6.836322e+01 
  765.000    48.000  4.953700e+02  4.277655e+02  6.760448e+01 
  765.000    49.000  4.823444e+02  4.155211e+02  6.682326e+01 
  765.000    50.000  4.691670e+02  4.031478e+02  6.601923e+01 
  765.000    51.000  4.558459e+02  3.906538e+02  6.519205e+01 
  765.000    52.000  4.423896e+02  3.780483e+02  6.434134e+01 
  765.000    53.000  4.288070e+02  3.653403e+02  6.346673e+01 
  765.000    54.000  4.151072e+02  3.525394e+02  6.256780e+01 
  765.000    55.000  4.012999e+02  3.396557e+02  6.164413e+01 
  765.000    56.000  3.873949e+02  3.266996e+02  6.069526e+01 
  765.000    57.000  3.734028e+02  3.136821e+02  5.972067e+01 
  765.000    58.000  3.593344e+02  3.006146e+02  5.871981e+01 
  765.000    59.000  3.452013e+02  2.875092e+02  5.769208e+01 
  765.000    59.996  3.310670e+02  2.744263e+02  5.664069e+01 
  765.000    61.000  3.167891e+02  2.612359e+02  5.555321e+01 
  765.000    62.000  3.025364e+02  2.480959e+02  5.444052e+01 
  765.000    63.000  2.882703e+02  2.349727e+02  5.329764e+01 
  765.000    64.000  2.740064e+02  2.218828e+02  5.212358e+01 
  765.000    65.000  2.597603e+02  2.088432e+02  5.091711e+01 
  765.000    66.000  2.455488e+02  1.958720e+02  4.967682e+01 
  765.000    67.000  2.313901e+02  1.829890e+02  4.840110e+01 
  765.000    68.000  2.173034e+02  1.702153e+02  4.708812e+01 
  765.000    69.000  2.033094e+02  1.575737e+02  4.573575e+01 
  765.000    70.000  1.894305e+02  1.450890e+02  4.434150e+01 
  765.000    71.000  1.756914e+02  1.327888e+02  4.290263e+01 
  765.000    72.000  1.621188e+02  1.207029e+02  4.141584e+01 
  765.000    73.000  1.487418e+02  1.088644e+02  3.987737e+01 
  765.000    74.000  1.355929e+02  9.731004e+01  3.828284e+01 
  765.000    75.000  1.227079e+02  8.608073e+01  3.662719e+01 
  765.000    76.000  1.101270e+02  7.522247e+01  3.490458e+01 
  765.000    77.000  9.789531e+01  6.478706e+01  3.310825e+01 
  765.000    78.000  8.606367e+01  5.483314e+01  3.123054e+01 
  765.000    79.000  7.469022e+01  4.542743e+01  2.926278e+01 
  765.000    80.000  6.384131e+01  3.664580e+01  2.719551e+01 
  765.000    81.000  5.359338e+01  2.857455e+01  2.501883e+01 
  765.000    82.000  4.403450e+01  2.131104e+01  2.272346e+01 
  765.000    83.000  3.526604e+01  1.496320e+01  2.030284e+01 
  765.000    84.000  2.740308e+01  9.645961e+00  1.775711e+01 
  765.000    85.000  2.057051e+01  5.470629e+00  1.509988e+01 
  765.000    86.000  1.488721e+01  2.519702e+00  1.236751e+01 
  765.000    87.000  1.041897e+01  7.923900e-01  9.626576e+00 
  765.000    88.000  7.057491e+00  1.053832e-01  6.952107e+00 
  765.000    89.000  4.210749e+00  6.645130e-04  4.210084e+00 
