  875.000     0.000  9.089028e+02  8.291712e+02  7.973154e+01 
  875.000     1.000  9.087593e+02  8.290313e+02  7.972803e+01 
  875.000     2.000  9.083290e+02  8.286115e+02  7.971748e+01 
  875.000     3.000  9.076121e+02  8.279122e+02  7.969990e+01 
  875.000     4.000  9.066086e+02  8.269333e+02  7.967526e+01 
  875.000     5.000  9.053190e+02  8.256754e+02  7.964359e+01 
  875.000     6.000  9.037435e+02  8.241387e+02  7.960486e+01 
  875.000     7.000  9.018828e+02  8.223237e+02  7.955907e+01 
  875.000     8.000  8.997372e+02  8.202310e+02  7.950620e+01 
  875.000     9.000  8.973076e+02  8.178613e+02  7.944622e+01 
  875.000    10.000  8.945944e+02  8.152153e+02  7.937914e+01 
  875.000    11.000  8.915988e+02  8.122938e+02  7.930490e+01 
  875.000    12.000  8.883215e+02  8.090980e+02  7.922350e+01 
  875.000    13.000  8.847633e+02  8.056284e+02  7.913487e+01 
  875.000    14.000  8.809255e+02  8.018865e+02  7.903899e+01 
  875.000    15.000  8.768091e+02  7.978733e+02  7.893579e+01 
  875.000    16.000  8.724154e+02  7.935901e+02  7.882523e+01 
  875.000    17.000  8.677455e+02  7.890383e+02  7.870722e+01 
  875.000    18.000  8.628010e+02  7.842194e+02  7.858168e+01 
  875.000    19.000  8.575832e+02  7.791346e+02  7.844852e+01 
  875.000    20.000  8.520936e+02  7.737859e+02  7.830766e+01 
  875.000    21.000  8.463337e+02  7.681748e+02  7.815894e+01 
  875.000    22.000  8.403054e+02  7.623031e+02  7.800226e+01 
  875.000    23.000  8.340101e+02  7.561727e+02  7.783746e+01 
  875.000    24.000  8.274498e+02  7.497855e+02  7.766439e+01 
  875.000    25.000  8.206264e+02  7.431436e+02  7.748287e+01 
  875.000    26.000  8.135416e+02  7.362489e+02  7.729272e+01 
  875.000    27.000  8.061975e+02  7.291038e+02  7.709372e+01 
  875.000    28.000  7.985963e+02  7.217106e+02  7.688565e+01 
  875.000    29.000  7.907399e+02  7.140717e+02  7.666828e+01 
  875.000    30.000  7.826307e+02  7.061893e+02  7.644133e+01 
  875.000    31.000  7.742708e+02  6.980662e+02  7.620455e+01 
  875.000    32.000  7.656625e+02  6.897049e+02  7.595764e+01 
  875.000    33.000  7.568082e+02  6.811080e+02  7.570029e+01 
  875.000    34.000  7.477106e+02  6.722784e+02  7.543217e+01 
  875.000    35.000  7.383719e+02  6.632190e+02  7.515294e+01 
  875.000    36.000  7.287949e+02  6.539326e+02  7.486225e+01 
  875.000    37.000  7.189820e+02  6.444223e+02  7.455971e+01 
  875.000    38.000  7.089362e+02  6.346913e+02  7.424495e+01 
  875.000    39.000  6.986602e+02  6.247426e+02  7.391756e+01 
  875.000    40.000  6.881566e+02  6.145795e+02  7.357712e+01 
  875.000    41.000  6.774288e+02  6.042056e+02  7.322319e+01 
  875.000    42.000  6.664794e+02  5.936240e+02  7.285534e+01 
  875.000    43.000  6.553116e+02  5.828385e+02  7.247312e+01 
  875.000    44.000  6.439286e+02  5.718526e+02  7.207605e+01 
  875.000    45.000  6.323337e+02  5.606701e+02  7.166366e+01 
  875.000    46.000  6.205301e+02  5.492946e+02  7.123546e+01 
  875.000    47.000  6.085211e+02  5.377302e+02  7.079095e+01 
  875.000    48.000  5.963104e+02  5.259808e+02  7.032964e+01 
  875.000    49.000  5.839014e+02  5.140504e+02  6.985101e+01 
  875.000    50.000  5.712979e+02  5.019433e+02  6.935453e+01 
  875.000    51.000  5.585034e+02  4.896638e+02  6.883966e+01 
  875.000    52.000  5.455221e+02  4.772162e+02  6.830588e+01 
  875.000    53.000  5.323577e+02  4.646051e+02  6.775260e+01 
  875.000    54.000  5.190143e+02  4.518351e+02  6.717928e+01 
  875.000    55.000  5.054963e+02  4.389110e+02  6.658531e+01 
  875.000    56.000  4.918077e+02  4.258376e+02  6.597010e+01 
  875.000    57.000  4.779533e+02  4.126203e+02  6.533301e+01 
  875.000    58.000  4.639373e+02  3.992640e+02  6.467338e+01 
  875.000    59.000  4.497647e+02  3.857742e+02  6.399050e+01 
  875.000    59.996  4.354927e+02  3.722064e+02  6.328625e+01 
  875.000    61.000  4.209691e+02  3.584171e+02  6.255199e+01 
  875.000    62.000  4.063564e+02  3.445617e+02  6.179469e+01 
  875.000    63.000  3.916076e+02  3.305969e+02  6.101077e+01 
  875.000    64.000  3.767285e+02  3.165294e+02  6.019917e+01 
  875.000    65.000  3.617250e+02  3.023663e+02  5.935869e+01 
  875.000    66.000  3.466033e+02  2.881153e+02  5.848798e+01 
  875.000    67.000  3.313699e+02  2.737845e+02  5.758546e+01 
  875.000    68.000  3.160320e+02  2.593826e+02  5.664933e+01 
  875.000    69.000  3.005967e+02  2.449193e+02  5.567745e+01 
  875.000    70.000  2.850722e+02  2.304049e+02  5.466731e+01 
  875.000    71.000  2.694670e+02  2.158511e+02  5.361589e+01 
  875.000    72.000  2.537904e+02  2.012708e+02  5.251956e+01 
  875.000    73.000  2.380528e+02  1.866789e+02  5.137391e+01 
  875.000    74.000  2.222658e+02  1.720923e+02  5.017349e+01 
  875.000    75.000  2.064425e+02  1.575309e+02  4.891158e+01 
  875.000    76.000  1.905979e+02  1.430182e+02  4.757973e+01 
  875.000    77.000  1.747498e+02  1.285826e+02  4.616724e+01 
  875.000    78.000  1.589194e+02  1.142590e+02  4.466039e+01 
  875.000    79.000  1.431327e+02  1.000913e+02  4.304135e+01 
  875.000    80.000  1.274222e+02  8.613568e+01  4.128657e+01 
  875.000    81.000  1.118303e+02  7.246577e+01  3.936452e+01 
  875.000    82.000  9.641289e+01  5.918077e+01  3.723211e+01 
  875.000    83.000  8.124708e+01  4.641769e+01  3.482938e+01 
  875.000    84.000  6.644246e+01  3.437132e+01  3.207114e+01 
  875.000    85.000  5.216049e+01  2.332621e+01  2.883429e+01 
  875.000    86.000  3.864711e+01  1.370704e+01  2.494007e+01 
  875.000    87.000  2.628273e+01  6.143561e+00  2.013917e+01 
  875.000    88.000  1.562012e+01  1.461585e+00  1.415854e+01 
  875.000    89.000  7.124961e+00  3.316971e-02  7.091792e+00 
