  940.000     0.000  5.512889e+02  5.138317e+02  3.745720e+01 
  940.000     1.000  5.511819e+02  5.137275e+02  3.745449e+01 
  940.000     2.000  5.508610e+02  5.134147e+02  3.744637e+01 
  940.000     3.000  5.503263e+02  5.128935e+02  3.743282e+01 
  940.000     4.000  5.495781e+02  5.121642e+02  3.741384e+01 
  940.000     5.000  5.486165e+02  5.112271e+02  3.738939e+01 
  940.000     6.000  5.474421e+02  5.100827e+02  3.735945e+01 
  940.000     7.000  5.460552e+02  5.087312e+02  3.732399e+01 
  940.000     8.000  5.444565e+02  5.071735e+02  3.728296e+01 
  940.000     9.000  5.426465e+02  5.054102e+02  3.723632e+01 
  940.000    10.000  5.406259e+02  5.034419e+02  3.718402e+01 
  940.000    11.000  5.383956e+02  5.012697e+02  3.712599e+01 
  940.000    12.000  5.359566e+02  4.988944e+02  3.706218e+01 
  940.000    13.000  5.333096e+02  4.963171e+02  3.699252e+01 
  940.000    14.000  5.304559e+02  4.935390e+02  3.691692e+01 
  940.000    15.000  5.273967e+02  4.905613e+02  3.683530e+01 
  940.000    16.000  5.241329e+02  4.873853e+02  3.674759e+01 
  940.000    17.000  5.206660e+02  4.840124e+02  3.665368e+01 
  940.000    18.000  5.169977e+02  4.804442e+02  3.655348e+01 
  940.000    19.000  5.131290e+02  4.766821e+02  3.644688e+01 
  940.000    20.000  5.090619e+02  4.727281e+02  3.633379e+01 
  940.000    21.000  5.047978e+02  4.685837e+02  3.621408e+01 
  940.000    22.000  5.003387e+02  4.642510e+02  3.608765e+01 
  940.000    23.000  4.956863e+02  4.597319e+02  3.595436e+01 
  940.000    24.000  4.908426e+02  4.550284e+02  3.581411e+01 
  940.000    25.000  4.858097e+02  4.501429e+02  3.566676e+01 
  940.000    26.000  4.805899e+02  4.450777e+02  3.551220e+01 
  940.000    27.000  4.751849e+02  4.398347e+02  3.535025e+01 
  940.000    28.000  4.695974e+02  4.344166e+02  3.518081e+01 
  940.000    29.000  4.638300e+02  4.288262e+02  3.500375e+01 
  940.000    30.000  4.578850e+02  4.230661e+02  3.481893e+01 
  940.000    31.000  4.517653e+02  4.171391e+02  3.462623e+01 
  940.000    32.000  4.454735e+02  4.110480e+02  3.442550e+01 
  940.000    33.000  4.390118e+02  4.047953e+02  3.421653e+01 
  940.000    34.000  4.323841e+02  3.983848e+02  3.399930e+01 
  940.000    35.000  4.255933e+02  3.918197e+02  3.377364e+01 
  940.000    36.000  4.186424e+02  3.851030e+02  3.353941e+01 
  940.000    37.000  4.115347e+02  3.782382e+02  3.329649e+01 
  940.000    38.000  4.042738e+02  3.712290e+02  3.304477e+01 
  940.000    39.000  3.968631e+02  3.640790e+02  3.278411e+01 
  940.000    40.000  3.893063e+02  3.567919e+02  3.251441e+01 
  940.000    41.000  3.816074e+02  3.493718e+02  3.223556e+01 
  940.000    42.000  3.737701e+02  3.418227e+02  3.194746e+01 
  940.000    43.000  3.657988e+02  3.341488e+02  3.165002e+01 
  940.000    44.000  3.576975e+02  3.263544e+02  3.134314e+01 
  940.000    45.000  3.494708e+02  3.184441e+02  3.102676e+01 
  940.000    46.000  3.411233e+02  3.104225e+02  3.070079e+01 
  940.000    47.000  3.326596e+02  3.022945e+02  3.036516e+01 
  940.000    48.000  3.240847e+02  2.940649e+02  3.001982e+01 
  940.000    49.000  3.154039e+02  2.857392e+02  2.966471e+01 
  940.000    50.000  3.066223e+02  2.773225e+02  2.929978e+01 
  940.000    51.000  2.977455e+02  2.688205e+02  2.892498e+01 
  940.000    52.000  2.887794e+02  2.602391e+02  2.854027e+01 
  940.000    53.000  2.797297e+02  2.515841e+02  2.814561e+01 
  940.000    54.000  2.706030e+02  2.428620e+02  2.774095e+01 
  940.000    55.000  2.614056e+02  2.340794e+02  2.732625e+01 
  940.000    56.000  2.521445e+02  2.252430e+02  2.690144e+01 
  940.000    57.000  2.428266e+02  2.163602e+02  2.646647e+01 
  940.000    58.000  2.334596e+02  2.074384e+02  2.602125e+01 
  940.000    59.000  2.240512e+02  1.984856e+02  2.556568e+01 
  940.000    59.996  2.146441e+02  1.895428e+02  2.510135e+01 
  940.000    61.000  2.051438e+02  1.805208e+02  2.462297e+01 
  940.000    62.000  1.956626e+02  1.715271e+02  2.413549e+01 
  940.000    63.000  1.861759e+02  1.625389e+02  2.363696e+01 
  940.000    64.000  1.766939e+02  1.535668e+02  2.312707e+01 
  940.000    65.000  1.672276e+02  1.446222e+02  2.260548e+01 
  940.000    66.000  1.577889e+02  1.357171e+02  2.207177e+01 
  940.000    67.000  1.483902e+02  1.268648e+02  2.152540e+01 
  940.000    68.000  1.390452e+02  1.180794e+02  2.096575e+01 
  940.000    69.000  1.297685e+02  1.093764e+02  2.039209e+01 
  940.000    70.000  1.205760e+02  1.007725e+02  1.980351e+01 
  940.000    71.000  1.114853e+02  9.228632e+01  1.919896e+01 
  940.000    72.000  1.025153e+02  8.393816e+01  1.857717e+01 
  940.000    73.000  9.368730e+01  7.575066e+01  1.793664e+01 
  940.000    74.000  8.502468e+01  6.774907e+01  1.727561e+01 
  940.000    75.000  7.655365e+01  5.996169e+01  1.659196e+01 
  940.000    76.000  6.830354e+01  5.242037e+01  1.588317e+01 
  940.000    77.000  6.030774e+01  4.516145e+01  1.514629e+01 
  940.000    78.000  5.260403e+01  3.822623e+01  1.437780e+01 
  940.000    79.000  4.523561e+01  3.166207e+01  1.357353e+01 
  940.000    80.000  3.825200e+01  2.552338e+01  1.272862e+01 
  940.000    81.000  3.171007e+01  1.987265e+01  1.183742e+01 
  940.000    82.000  2.567486e+01  1.478125e+01  1.089361e+01 
  940.000    83.000  2.021995e+01  1.032934e+01  9.890609e+00 
  940.000    84.000  1.542623e+01  6.603617e+00  8.822613e+00 
  940.000    85.000  1.137675e+01  3.689616e+00  7.687136e+00 
  940.000    86.000  8.141845e+00  1.651995e+00  6.489850e+00 
  940.000    87.000  5.740145e+00  4.901225e-01  5.250023e+00 
  940.000    88.000  4.046190e+00  5.679272e-02  3.989398e+00 
  940.000    89.000  2.612142e+00  2.321634e-04  2.611910e+00 
